2016-04-28 11:39:11 - PHP Notice:  Indirect modification of overloaded property ControllerApiCustomer::$session has no effect in /var/www/market/catalog/controller/api/customer.php on line 7
2016-04-28 11:39:11 - PHP Warning:  Attempt to modify property of non-object in /var/www/market/catalog/controller/api/customer.php on line 7
2016-04-28 11:40:11 - PHP Notice:  Undefined index: shippable in /var/www/market/vqmod/vqcache/vq2-catalog_model_checkout_order.php on line 187
2016-04-28 11:40:11 - PHP Notice:  Undefined index: seller_net_amt in /var/www/market/vqmod/vqcache/vq2-catalog_model_checkout_order.php on line 636
2016-04-28 11:40:11 - PHP Notice:  Undefined index: store_commission_flat in /var/www/market/vqmod/vqcache/vq2-catalog_model_checkout_order.php on line 637
2016-04-28 11:40:11 - PHP Notice:  Undefined index: store_commission_pct in /var/www/market/vqmod/vqcache/vq2-catalog_model_checkout_order.php on line 637
2016-04-28 11:40:36 - PHP Notice:  Undefined index: shippable in /var/www/market/vqmod/vqcache/vq2-catalog_model_checkout_order.php on line 187
2016-04-28 11:40:36 - PHP Notice:  Undefined index: seller_net_amt in /var/www/market/vqmod/vqcache/vq2-catalog_model_checkout_order.php on line 636
2016-04-28 11:40:36 - PHP Notice:  Undefined index: store_commission_flat in /var/www/market/vqmod/vqcache/vq2-catalog_model_checkout_order.php on line 637
2016-04-28 11:40:36 - PHP Notice:  Undefined index: store_commission_pct in /var/www/market/vqmod/vqcache/vq2-catalog_model_checkout_order.php on line 637
2016-04-28 13:53:51 - PHP Notice:  Undefined index: fax in /var/www/market/catalog/model/account/customer.php on line 106
2016-04-28 14:50:20 - PHP Notice:  Undefined variable: attribute in /var/www/market/catalog/view/theme/default/template/module/featured.tpl on line 31
2016-04-28 14:50:20 - PHP Notice:  Undefined variable: attribute in /var/www/market/catalog/view/theme/default/template/module/featured.tpl on line 31
2016-04-28 14:50:20 - PHP Notice:  Undefined variable: attribute in /var/www/market/catalog/view/theme/default/template/module/featured.tpl on line 31
2016-04-28 14:50:20 - PHP Notice:  Undefined variable: attribute in /var/www/market/catalog/view/theme/default/template/module/featured.tpl on line 31
2016-04-28 14:50:50 - PHP Notice:  Undefined variable: attribute in /var/www/market/catalog/view/theme/default/template/module/featured.tpl on line 31
2016-04-28 14:50:50 - PHP Notice:  Undefined variable: attribute in /var/www/market/catalog/view/theme/default/template/module/featured.tpl on line 31
2016-04-28 14:50:50 - PHP Notice:  Undefined variable: attribute in /var/www/market/catalog/view/theme/default/template/module/featured.tpl on line 31
2016-04-28 14:50:50 - PHP Notice:  Undefined variable: attribute in /var/www/market/catalog/view/theme/default/template/module/featured.tpl on line 31
2016-04-28 14:54:01 - PHP Notice:  Undefined variable: attribute_groups in /var/www/market/catalog/view/theme/default/template/module/featured.tpl on line 31
2016-04-28 14:54:01 - PHP Notice:  Undefined variable: attribute_groups in /var/www/market/catalog/view/theme/default/template/module/featured.tpl on line 31
2016-04-28 14:54:01 - PHP Notice:  Undefined variable: attribute_groups in /var/www/market/catalog/view/theme/default/template/module/featured.tpl on line 31
2016-04-28 14:54:01 - PHP Notice:  Undefined variable: attribute_groups in /var/www/market/catalog/view/theme/default/template/module/featured.tpl on line 31
2016-04-28 14:55:16 - PHP Notice:  Undefined index: attribute_groups in /var/www/market/catalog/view/theme/default/template/module/featured.tpl on line 31
2016-04-28 14:55:16 - PHP Notice:  Undefined index: attribute_groups in /var/www/market/catalog/view/theme/default/template/module/featured.tpl on line 31
2016-04-28 14:55:16 - PHP Notice:  Undefined index: attribute_groups in /var/www/market/catalog/view/theme/default/template/module/featured.tpl on line 31
2016-04-28 14:55:16 - PHP Notice:  Undefined index: attribute_groups in /var/www/market/catalog/view/theme/default/template/module/featured.tpl on line 31
2016-04-28 15:54:44 - Stripe: Error - Folder "/var/www/market/system/library/advertikon/Language/english" is not exists or not readable
2016-04-28 15:54:44 - Stripe: Error - Folder "/var/www/market/system/library/advertikon/Stripe/Language/english" is not exists or not readable
2016-04-28 15:55:14 - Stripe: Error - Folder "/var/www/market/system/library/advertikon/Language/english" is not exists or not readable
2016-04-28 15:55:14 - Stripe: Error - Folder "/var/www/market/system/library/advertikon/Stripe/Language/english" is not exists or not readable
2016-04-28 15:56:35 - Stripe: Error - Folder "/var/www/market/system/library/advertikon/Language/english" is not exists or not readable
2016-04-28 15:56:35 - Stripe: Error - Folder "/var/www/market/system/library/advertikon/Stripe/Language/english" is not exists or not readable
2016-04-29 8:10:07 - PHP Notice:  Use of undefined constant Tiendas - assumed 'Tiendas' in /var/www/market/vqmod/vqcache/vq2-catalog_view_theme_default_template_common_header.tpl on line 158
2016-04-29 8:10:24 - PHP Notice:  Use of undefined constant Tiendas - assumed 'Tiendas' in /var/www/market/vqmod/vqcache/vq2-catalog_view_theme_default_template_common_header.tpl on line 158
2016-04-29 8:10:59 - PHP Warning:  array_chunk(): Size parameter expected to be greater than 0 in /var/www/market/vqmod/vqcache/vq2-catalog_view_theme_default_template_common_header.tpl on line 158
2016-04-29 8:10:59 - PHP Warning:  Invalid argument supplied for foreach() in /var/www/market/vqmod/vqcache/vq2-catalog_view_theme_default_template_common_header.tpl on line 158
2016-04-29 8:13:14 - PHP Warning:  array_chunk(): Size parameter expected to be greater than 0 in /var/www/market/vqmod/vqcache/vq2-catalog_view_theme_default_template_common_header.tpl on line 158
2016-04-29 8:13:14 - PHP Warning:  Invalid argument supplied for foreach() in /var/www/market/vqmod/vqcache/vq2-catalog_view_theme_default_template_common_header.tpl on line 158
2016-04-29 8:29:56 - PHP Notice:  Indirect modification of overloaded property ControllerCommonHeader::$data has no effect in /var/www/market/vqmod/vqcache/vq2-catalog_controller_common_header.php on line 128
2016-04-29 8:29:56 - PHP Notice:  Indirect modification of overloaded property ControllerCommonHeader::$data has no effect in /var/www/market/vqmod/vqcache/vq2-catalog_controller_common_header.php on line 129
2016-04-29 8:29:56 - PHP Notice:  Undefined variable: sellerss in /var/www/market/vqmod/vqcache/vq2-catalog_view_theme_default_template_common_header.tpl on line 155
2016-04-29 8:29:56 - PHP Notice:  Undefined variable: text_sellers in /var/www/market/vqmod/vqcache/vq2-catalog_view_theme_default_template_common_header.tpl on line 155
2016-04-29 8:31:00 - PHP Notice:  Indirect modification of overloaded property ControllerCommonHeader::$data has no effect in /var/www/market/vqmod/vqcache/vq2-catalog_controller_common_header.php on line 128
2016-04-29 8:31:00 - PHP Notice:  Indirect modification of overloaded property ControllerCommonHeader::$data has no effect in /var/www/market/vqmod/vqcache/vq2-catalog_controller_common_header.php on line 129
2016-04-29 8:31:00 - PHP Notice:  Undefined variable: blog in /var/www/market/vqmod/vqcache/vq2-catalog_view_theme_default_template_common_header.tpl on line 155
2016-04-29 8:31:28 - PHP Notice:  Indirect modification of overloaded property ControllerCommonHeader::$data has no effect in /var/www/market/vqmod/vqcache/vq2-catalog_controller_common_header.php on line 128
2016-04-29 8:31:28 - PHP Notice:  Indirect modification of overloaded property ControllerCommonHeader::$data has no effect in /var/www/market/vqmod/vqcache/vq2-catalog_controller_common_header.php on line 129
2016-04-29 8:31:28 - PHP Notice:  Undefined variable: blog in /var/www/market/vqmod/vqcache/vq2-catalog_view_theme_default_template_common_header.tpl on line 153
2016-04-29 8:31:28 - PHP Notice:  Undefined variable: blog in /var/www/market/vqmod/vqcache/vq2-catalog_view_theme_default_template_common_header.tpl on line 153
2016-04-29 8:32:00 - PHP Notice:  Indirect modification of overloaded property ControllerCommonHeader::$data has no effect in /var/www/market/vqmod/vqcache/vq2-catalog_controller_common_header.php on line 128
2016-04-29 8:32:00 - PHP Notice:  Indirect modification of overloaded property ControllerCommonHeader::$data has no effect in /var/www/market/vqmod/vqcache/vq2-catalog_controller_common_header.php on line 129
2016-04-29 8:32:00 - PHP Notice:  Undefined variable: blog in /var/www/market/vqmod/vqcache/vq2-catalog_view_theme_default_template_common_header.tpl on line 153
2016-04-29 8:32:00 - PHP Notice:  Undefined variable: blog in /var/www/market/vqmod/vqcache/vq2-catalog_view_theme_default_template_common_header.tpl on line 153
2016-04-29 8:32:58 - PHP Notice:  Indirect modification of overloaded property ControllerCommonHeader::$data has no effect in /var/www/market/vqmod/vqcache/vq2-catalog_controller_common_header.php on line 129
2016-04-29 8:32:58 - PHP Notice:  Indirect modification of overloaded property ControllerCommonHeader::$data has no effect in /var/www/market/vqmod/vqcache/vq2-catalog_controller_common_header.php on line 130
2016-04-29 8:32:58 - PHP Notice:  Undefined variable: blog in /var/www/market/vqmod/vqcache/vq2-catalog_view_theme_default_template_common_header.tpl on line 153
2016-04-29 8:32:58 - PHP Notice:  Undefined variable: blog in /var/www/market/vqmod/vqcache/vq2-catalog_view_theme_default_template_common_header.tpl on line 153
2016-04-29 8:33:15 - PHP Notice:  Undefined variable: blog in /var/www/market/vqmod/vqcache/vq2-catalog_view_theme_default_template_common_header.tpl on line 153
2016-04-29 8:33:15 - PHP Notice:  Undefined variable: blog in /var/www/market/vqmod/vqcache/vq2-catalog_view_theme_default_template_common_header.tpl on line 153
2016-04-29 11:03:02 - PHP Notice:  Undefined variable: firstname in /var/www/market/vqmod/vqcache/vq2-catalog_view_theme_default_template_common_header.tpl on line 57
2016-04-29 11:03:43 - PHP Notice:  Undefined variable: firstname in /var/www/market/vqmod/vqcache/vq2-catalog_view_theme_default_template_common_header.tpl on line 57
2016-04-29 11:03:43 - PHP Notice:  Undefined variable: firstname in /var/www/market/vqmod/vqcache/vq2-catalog_view_theme_default_template_common_header.tpl on line 57
2016-04-29 11:10:42 - PHP Notice:  Undefined index: fax in /var/www/market/catalog/model/account/customer.php on line 106
2016-04-29 11:22:13 - PHP Notice:  Undefined index: product_id in /var/www/market/catalog/controller/module/featured.php on line 19
2016-04-29 11:25:05 - PHP Notice:  Undefined variable: attribute in /var/www/market/catalog/controller/module/featured.php on line 72
2016-04-29 11:25:05 - PHP Notice:  Undefined variable: attribute in /var/www/market/catalog/controller/module/featured.php on line 72
2016-04-29 11:25:05 - PHP Notice:  Undefined variable: attribute in /var/www/market/catalog/controller/module/featured.php on line 72
2016-04-29 11:25:05 - PHP Notice:  Undefined variable: attribute in /var/www/market/catalog/controller/module/featured.php on line 72
2016-04-29 11:25:28 - PHP Notice:  Undefined variable: attribute in /var/www/market/catalog/controller/module/featured.php on line 70
2016-04-29 11:25:28 - PHP Notice:  Undefined variable: attribute in /var/www/market/catalog/controller/module/featured.php on line 70
2016-04-29 11:25:28 - PHP Notice:  Undefined variable: attribute in /var/www/market/catalog/controller/module/featured.php on line 70
2016-04-29 11:25:28 - PHP Notice:  Undefined variable: attribute in /var/www/market/catalog/controller/module/featured.php on line 70
2016-04-29 11:26:21 - PHP Notice:  Undefined index: attribute in /var/www/market/catalog/controller/module/featured.php on line 70
2016-04-29 11:26:21 - PHP Notice:  Undefined index: attribute in /var/www/market/catalog/controller/module/featured.php on line 70
2016-04-29 11:26:21 - PHP Notice:  Undefined index: attribute in /var/www/market/catalog/controller/module/featured.php on line 70
2016-04-29 11:26:21 - PHP Notice:  Undefined index: attribute in /var/www/market/catalog/controller/module/featured.php on line 70
2016-04-29 11:26:36 - PHP Notice:  Undefined index: attribute in /var/www/market/catalog/controller/module/featured.php on line 70
2016-04-29 11:26:36 - PHP Notice:  Undefined index: attribute in /var/www/market/catalog/controller/module/featured.php on line 70
2016-04-29 11:26:36 - PHP Notice:  Undefined index: attribute in /var/www/market/catalog/controller/module/featured.php on line 70
2016-04-29 11:26:36 - PHP Notice:  Undefined index: attribute in /var/www/market/catalog/controller/module/featured.php on line 70
2016-04-29 12:57:22 - PHP Notice:  Undefined variable: compare in /var/www/market/vqmod/vqcache/vq2-catalog_view_theme_default_template_common_header.tpl on line 71
2016-04-29 12:58:14 - PHP Notice:  Undefined variable: compare in /var/www/market/vqmod/vqcache/vq2-catalog_view_theme_default_template_common_header.tpl on line 71
2016-04-29 12:58:14 - PHP Notice:  Undefined variable: text_compare in /var/www/market/vqmod/vqcache/vq2-catalog_view_theme_default_template_common_header.tpl on line 71
2016-04-29 12:58:14 - PHP Notice:  Undefined variable: compare in /var/www/market/vqmod/vqcache/vq2-catalog_view_theme_default_template_common_header.tpl on line 71
2016-04-29 12:58:14 - PHP Notice:  Undefined variable: text_compare in /var/www/market/vqmod/vqcache/vq2-catalog_view_theme_default_template_common_header.tpl on line 71
2016-04-29 13:27:18 - Stripe: Error - Folder "/var/www/market/system/library/advertikon/Language/english" is not exists or not readable
2016-04-29 13:27:18 - Stripe: Error - Folder "/var/www/market/system/library/advertikon/Stripe/Language/english" is not exists or not readable
2016-04-29 13:27:37 - Stripe: Error - Folder "/var/www/market/system/library/advertikon/Language/english" is not exists or not readable
2016-04-29 13:27:37 - Stripe: Error - Folder "/var/www/market/system/library/advertikon/Stripe/Language/english" is not exists or not readable
2016-04-29 13:27:38 - PHP Notice:  Undefined index: seller_text in /var/www/market/vqmod/vqcache/vq2-catalog_view_theme_default_template_mail_order.tpl on line 86
2016-04-29 13:27:38 - PHP Notice:  Undefined index: seller_text in /var/www/market/vqmod/vqcache/vq2-catalog_view_theme_default_template_mail_order.tpl on line 86
2016-04-29 13:27:38 - PHP Notice:  Undefined index: seller_text in /var/www/market/vqmod/vqcache/vq2-catalog_view_theme_default_template_mail_order.tpl on line 86
2016-04-29 13:27:40 - PHP Notice:  Undefined index: seller_text in /var/www/market/vqmod/vqcache/vq2-catalog_view_theme_default_template_mail_order.tpl on line 86
2016-04-29 13:27:40 - PHP Notice:  Undefined index: seller_text in /var/www/market/vqmod/vqcache/vq2-catalog_view_theme_default_template_mail_order.tpl on line 86
2016-04-29 13:27:40 - PHP Notice:  Undefined index: seller_text in /var/www/market/vqmod/vqcache/vq2-catalog_view_theme_default_template_mail_order.tpl on line 86
2016-05-03 9:14:59 - PHP Warning:  sprintf(): Too few arguments in /var/www/market/catalog/controller/account/success.php on line 32
2016-05-03 9:20:46 - PHP Warning:  sprintf(): Too few arguments in /var/www/market/catalog/controller/account/success.php on line 32
2016-05-03 9:22:37 - PHP Notice:  Undefined variable: SPAN in /var/www/market/catalog/view/theme/default/template/account/delete.tpl on line 7
2016-05-03 9:22:37 - PHP Notice:  Undefined variable: SPAN in /var/www/market/catalog/view/theme/default/template/account/delete.tpl on line 20
2016-05-03 9:22:37 - PHP Notice:  Undefined variable: entry_firstname in /var/www/market/catalog/view/theme/default/template/account/delete.tpl on line 29
2016-05-03 9:22:37 - PHP Notice:  Undefined variable: firstname in /var/www/market/catalog/view/theme/default/template/account/delete.tpl on line 31
2016-05-03 9:22:37 - PHP Notice:  Undefined variable: entry_firstname in /var/www/market/catalog/view/theme/default/template/account/delete.tpl on line 31
2016-05-03 9:22:37 - PHP Notice:  Undefined variable: entry_lastname in /var/www/market/catalog/view/theme/default/template/account/delete.tpl on line 38
2016-05-03 9:22:37 - PHP Notice:  Undefined variable: lastname in /var/www/market/catalog/view/theme/default/template/account/delete.tpl on line 40
2016-05-03 9:22:37 - PHP Notice:  Undefined variable: entry_lastname in /var/www/market/catalog/view/theme/default/template/account/delete.tpl on line 40
2016-05-03 9:22:37 - PHP Notice:  Undefined variable: entry_email in /var/www/market/catalog/view/theme/default/template/account/delete.tpl on line 47
2016-05-03 9:22:37 - PHP Notice:  Undefined variable: email in /var/www/market/catalog/view/theme/default/template/account/delete.tpl on line 49
2016-05-03 9:22:37 - PHP Notice:  Undefined variable: entry_email in /var/www/market/catalog/view/theme/default/template/account/delete.tpl on line 49
2016-05-03 9:22:37 - PHP Notice:  Undefined variable: entry_telephone in /var/www/market/catalog/view/theme/default/template/account/delete.tpl on line 57
2016-05-03 9:22:37 - PHP Notice:  Undefined variable: telephone in /var/www/market/catalog/view/theme/default/template/account/delete.tpl on line 59
2016-05-03 9:22:37 - PHP Notice:  Undefined variable: entry_telephone in /var/www/market/catalog/view/theme/default/template/account/delete.tpl on line 59
2016-05-03 9:22:37 - PHP Notice:  Undefined variable: entry_fax in /var/www/market/catalog/view/theme/default/template/account/delete.tpl on line 66
2016-05-03 9:22:37 - PHP Notice:  Undefined variable: fax in /var/www/market/catalog/view/theme/default/template/account/delete.tpl on line 68
2016-05-03 9:22:37 - PHP Notice:  Undefined variable: entry_fax in /var/www/market/catalog/view/theme/default/template/account/delete.tpl on line 68
2016-05-03 9:22:37 - PHP Notice:  Undefined variable: SPAN in /var/www/market/catalog/view/theme/default/template/account/delete.tpl on line 239
2016-05-03 9:22:41 - PHP Notice:  Undefined variable: customer_group_info in /var/www/market/catalog/model/account/customer.php on line 116
2016-05-03 13:42:19 - Stripe: Error - Folder "/var/www/market/system/library/advertikon/Language/english" is not exists or not readable
2016-05-03 13:42:19 - Stripe: Error - Folder "/var/www/market/system/library/advertikon/Stripe/Language/english" is not exists or not readable
2016-05-03 13:43:59 - Stripe: Error - Folder "/var/www/market/system/library/advertikon/Language/english" is not exists or not readable
2016-05-03 13:43:59 - Stripe: Error - Folder "/var/www/market/system/library/advertikon/Stripe/Language/english" is not exists or not readable
2016-05-03 13:48:13 - Stripe: Error - Folder "/var/www/market/system/library/advertikon/Language/english" is not exists or not readable
2016-05-03 13:48:13 - Stripe: Error - Folder "/var/www/market/system/library/advertikon/Stripe/Language/english" is not exists or not readable
2016-05-03 14:11:31 - Stripe: Error - Folder "/var/www/market/system/library/advertikon/Language/english" is not exists or not readable
2016-05-03 14:11:31 - Stripe: Error - Folder "/var/www/market/system/library/advertikon/Stripe/Language/english" is not exists or not readable
2016-05-03 14:21:31 - Stripe: Error - Folder "/var/www/market/system/library/advertikon/Language/english" is not exists or not readable
2016-05-03 14:21:31 - Stripe: Error - Folder "/var/www/market/system/library/advertikon/Stripe/Language/english" is not exists or not readable
2016-05-03 14:21:32 - PHP Notice:  Undefined index: seller_text in /var/www/market/vqmod/vqcache/vq2-catalog_view_theme_default_template_mail_order.tpl on line 86
2016-05-03 14:21:32 - PHP Notice:  Undefined index: seller_text in /var/www/market/vqmod/vqcache/vq2-catalog_view_theme_default_template_mail_order.tpl on line 86
2016-05-03 14:21:32 - PHP Notice:  Undefined index: seller_text in /var/www/market/vqmod/vqcache/vq2-catalog_view_theme_default_template_mail_order.tpl on line 86
2016-05-03 14:21:32 - PHP Notice:  Undefined index: seller_text in /var/www/market/vqmod/vqcache/vq2-catalog_view_theme_default_template_mail_order.tpl on line 86
2016-05-03 14:21:34 - PHP Notice:  Undefined index: seller_text in /var/www/market/vqmod/vqcache/vq2-catalog_view_theme_default_template_mail_order.tpl on line 86
2016-05-03 14:21:34 - PHP Notice:  Undefined index: seller_text in /var/www/market/vqmod/vqcache/vq2-catalog_view_theme_default_template_mail_order.tpl on line 86
2016-05-03 14:21:34 - PHP Notice:  Undefined index: seller_text in /var/www/market/vqmod/vqcache/vq2-catalog_view_theme_default_template_mail_order.tpl on line 86
2016-05-03 14:21:34 - PHP Notice:  Undefined index: seller_text in /var/www/market/vqmod/vqcache/vq2-catalog_view_theme_default_template_mail_order.tpl on line 86
2016-05-03 14:46:51 - Stripe: Error - Folder "/var/www/market/system/library/advertikon/Language/english" is not exists or not readable
2016-05-03 14:46:51 - Stripe: Error - Folder "/var/www/market/system/library/advertikon/Stripe/Language/english" is not exists or not readable
2016-05-03 14:48:46 - Stripe: Error - Folder "/var/www/market/system/library/advertikon/Language/english" is not exists or not readable
2016-05-03 14:48:46 - Stripe: Error - Folder "/var/www/market/system/library/advertikon/Stripe/Language/english" is not exists or not readable
2016-05-25 10:29:24 - Stripe: Error - Folder "/var/www/market/system/library/advertikon/Language/english" is not exists or not readable
2016-05-25 10:29:24 - Stripe: Error - Folder "/var/www/market/system/library/advertikon/Stripe/Language/english" is not exists or not readable
2016-05-25 10:30:13 - Stripe: Error - Folder "/var/www/market/system/library/advertikon/Language/english" is not exists or not readable
2016-05-25 10:30:13 - Stripe: Error - Folder "/var/www/market/system/library/advertikon/Stripe/Language/english" is not exists or not readable
2016-05-25 14:01:09 - PHP Notice:  Undefined index: seller_text in /var/www/market/vqmod/vqcache/vq2-catalog_view_theme_default_template_mail_order.tpl on line 86
2016-05-25 14:01:09 - PHP Notice:  Undefined index: seller_text in /var/www/market/vqmod/vqcache/vq2-catalog_view_theme_default_template_mail_order.tpl on line 86
2016-05-25 14:01:09 - PHP Notice:  Undefined index: seller_text in /var/www/market/vqmod/vqcache/vq2-catalog_view_theme_default_template_mail_order.tpl on line 86
2016-05-25 14:01:10 - PHP Notice:  Undefined index: seller_text in /var/www/market/vqmod/vqcache/vq2-catalog_view_theme_default_template_mail_order.tpl on line 86
2016-05-25 14:01:10 - PHP Notice:  Undefined index: seller_text in /var/www/market/vqmod/vqcache/vq2-catalog_view_theme_default_template_mail_order.tpl on line 86
2016-05-25 14:01:10 - PHP Notice:  Undefined index: seller_text in /var/www/market/vqmod/vqcache/vq2-catalog_view_theme_default_template_mail_order.tpl on line 86
2016-05-25 14:14:03 - PHP Notice:  Undefined index: seller_text in /var/www/market/vqmod/vqcache/vq2-catalog_view_theme_default_template_mail_order.tpl on line 86
2016-05-25 14:14:03 - PHP Notice:  Undefined index: seller_text in /var/www/market/vqmod/vqcache/vq2-catalog_view_theme_default_template_mail_order.tpl on line 86
2016-05-25 14:14:04 - PHP Notice:  Undefined index: seller_text in /var/www/market/vqmod/vqcache/vq2-catalog_view_theme_default_template_mail_order.tpl on line 86
2016-05-25 14:14:04 - PHP Notice:  Undefined index: seller_text in /var/www/market/vqmod/vqcache/vq2-catalog_view_theme_default_template_mail_order.tpl on line 86
2016-05-25 14:22:51 - PHP Notice:  Undefined index: seller_text in /var/www/market/vqmod/vqcache/vq2-catalog_view_theme_default_template_mail_order.tpl on line 86
2016-05-25 14:22:53 - PHP Notice:  Undefined index: seller_text in /var/www/market/vqmod/vqcache/vq2-catalog_view_theme_default_template_mail_order.tpl on line 86
2016-05-25 14:24:55 - PHP Notice:  Undefined index: seller_text in /var/www/market/vqmod/vqcache/vq2-catalog_view_theme_default_template_mail_order.tpl on line 86
2016-05-25 14:24:55 - PHP Notice:  Undefined index: seller_text in /var/www/market/vqmod/vqcache/vq2-catalog_view_theme_default_template_mail_order.tpl on line 86
2016-05-25 14:24:55 - PHP Notice:  Undefined index: seller_text in /var/www/market/vqmod/vqcache/vq2-catalog_view_theme_default_template_mail_order.tpl on line 86
2016-05-25 14:24:56 - PHP Notice:  Undefined index: seller_text in /var/www/market/vqmod/vqcache/vq2-catalog_view_theme_default_template_mail_order.tpl on line 86
2016-05-25 14:24:56 - PHP Notice:  Undefined index: seller_text in /var/www/market/vqmod/vqcache/vq2-catalog_view_theme_default_template_mail_order.tpl on line 86
2016-05-25 14:24:56 - PHP Notice:  Undefined index: seller_text in /var/www/market/vqmod/vqcache/vq2-catalog_view_theme_default_template_mail_order.tpl on line 86
2016-05-25 14:26:51 - PHP Notice:  Undefined index: seller_text in /var/www/market/vqmod/vqcache/vq2-catalog_view_theme_default_template_mail_order.tpl on line 86
2016-05-25 14:26:51 - PHP Notice:  Undefined index: seller_text in /var/www/market/vqmod/vqcache/vq2-catalog_view_theme_default_template_mail_order.tpl on line 86
2016-05-25 14:26:52 - PHP Notice:  Undefined index: seller_text in /var/www/market/vqmod/vqcache/vq2-catalog_view_theme_default_template_mail_order.tpl on line 86
2016-05-25 14:26:52 - PHP Notice:  Undefined index: seller_text in /var/www/market/vqmod/vqcache/vq2-catalog_view_theme_default_template_mail_order.tpl on line 86
2016-05-25 14:47:18 - PHP Warning:  require_once(/var/www/market/system/pavothemes/loader.php): failed to open stream: No such file or directory in /var/www/market/vqmod/vqcache/vq2-catalog_view_theme_pav_foodgood_template_common_footer.tpl on line 9
2016-06-02 13:42:40 - PHP Warning:  require_once(/var/www/market/system/pavothemes/loader.php): failed to open stream: No such file or directory in /var/www/market/vqmod/vqcache/vq2-catalog_view_theme_pav_foodgood_template_common_footer.tpl on line 9
2016-06-02 13:42:42 - PHP Warning:  require_once(/var/www/market/system/pavothemes/loader.php): failed to open stream: No such file or directory in /var/www/market/vqmod/vqcache/vq2-catalog_view_theme_pav_foodgood_template_common_footer.tpl on line 9
2016-06-02 13:43:48 - PHP Notice:  Error: Could not load template /var/www/market/catalog/view/theme/default/template/common/column_left.tpl! in /var/www/market/vqmod/vqcache/vq2-system_engine_loader.php on line 99
2016-06-02 15:09:50 - PHP Notice:  Error: DATA not accepted from server! in /var/www/market/system/library/mail.php on line 383
2016-06-02 15:10:07 - PHP Notice:  Error: Password not accepted from server! in /var/www/market/system/library/mail.php on line 289
2016-06-02 15:10:19 - PHP Notice:  Error: DATA not accepted from server! in /var/www/market/system/library/mail.php on line 383
2016-06-02 15:10:25 - PHP Notice:  Error: Password not accepted from server! in /var/www/market/system/library/mail.php on line 289
2016-06-06 8:59:26 - PHP Notice:  Undefined index: shippable in /var/www/market/vqmod/vqcache/vq2-catalog_model_checkout_order.php on line 187
2016-06-06 8:59:26 - PHP Notice:  Undefined index: shippable in /var/www/market/vqmod/vqcache/vq2-catalog_model_checkout_order.php on line 187
2016-06-06 8:59:26 - PHP Notice:  Undefined index: shippable in /var/www/market/vqmod/vqcache/vq2-catalog_model_checkout_order.php on line 187
2016-06-06 8:59:26 - PHP Notice:  Undefined index: seller_net_amt in /var/www/market/vqmod/vqcache/vq2-catalog_model_checkout_order.php on line 636
2016-06-06 8:59:26 - PHP Notice:  Undefined index: store_commission_flat in /var/www/market/vqmod/vqcache/vq2-catalog_model_checkout_order.php on line 637
2016-06-06 8:59:26 - PHP Notice:  Undefined index: store_commission_pct in /var/www/market/vqmod/vqcache/vq2-catalog_model_checkout_order.php on line 637
2016-06-06 8:59:26 - PHP Notice:  Undefined index: seller_net_amt in /var/www/market/vqmod/vqcache/vq2-catalog_model_checkout_order.php on line 636
2016-06-06 8:59:26 - PHP Notice:  Undefined index: store_commission_flat in /var/www/market/vqmod/vqcache/vq2-catalog_model_checkout_order.php on line 637
2016-06-06 8:59:26 - PHP Notice:  Undefined index: store_commission_pct in /var/www/market/vqmod/vqcache/vq2-catalog_model_checkout_order.php on line 637
2016-06-06 8:59:26 - PHP Notice:  Undefined index: seller_net_amt in /var/www/market/vqmod/vqcache/vq2-catalog_model_checkout_order.php on line 636
2016-06-06 8:59:26 - PHP Notice:  Undefined index: store_commission_flat in /var/www/market/vqmod/vqcache/vq2-catalog_model_checkout_order.php on line 637
2016-06-06 8:59:26 - PHP Notice:  Undefined index: store_commission_pct in /var/www/market/vqmod/vqcache/vq2-catalog_model_checkout_order.php on line 637
2016-06-06 8:59:58 - PHP Notice:  Undefined index: shippable in /var/www/market/vqmod/vqcache/vq2-catalog_model_checkout_order.php on line 187
2016-06-06 8:59:58 - PHP Notice:  Undefined index: shippable in /var/www/market/vqmod/vqcache/vq2-catalog_model_checkout_order.php on line 187
2016-06-06 8:59:58 - PHP Notice:  Undefined index: shippable in /var/www/market/vqmod/vqcache/vq2-catalog_model_checkout_order.php on line 187
2016-06-06 8:59:58 - PHP Notice:  Undefined index: seller_net_amt in /var/www/market/vqmod/vqcache/vq2-catalog_model_checkout_order.php on line 636
2016-06-06 8:59:58 - PHP Notice:  Undefined index: store_commission_flat in /var/www/market/vqmod/vqcache/vq2-catalog_model_checkout_order.php on line 637
2016-06-06 8:59:58 - PHP Notice:  Undefined index: store_commission_pct in /var/www/market/vqmod/vqcache/vq2-catalog_model_checkout_order.php on line 637
2016-06-06 8:59:58 - PHP Notice:  Undefined index: seller_net_amt in /var/www/market/vqmod/vqcache/vq2-catalog_model_checkout_order.php on line 636
2016-06-06 8:59:58 - PHP Notice:  Undefined index: store_commission_flat in /var/www/market/vqmod/vqcache/vq2-catalog_model_checkout_order.php on line 637
2016-06-06 8:59:58 - PHP Notice:  Undefined index: store_commission_pct in /var/www/market/vqmod/vqcache/vq2-catalog_model_checkout_order.php on line 637
2016-06-06 8:59:58 - PHP Notice:  Undefined index: seller_net_amt in /var/www/market/vqmod/vqcache/vq2-catalog_model_checkout_order.php on line 636
2016-06-06 8:59:58 - PHP Notice:  Undefined index: store_commission_flat in /var/www/market/vqmod/vqcache/vq2-catalog_model_checkout_order.php on line 637
2016-06-06 8:59:58 - PHP Notice:  Undefined index: store_commission_pct in /var/www/market/vqmod/vqcache/vq2-catalog_model_checkout_order.php on line 637
