---------- Date: 2016-03-15 15:39:57 ~ IP : 127.0.0.1 ----------
REQUEST URI : /index.php?route=product/product&product_id=91
MOD DETAILS:
   modFile   : /var/www/market-dev/vqmod/xml/multimerch_core_onepagereg.xml
   id        : MultiMerch Core One Page Registration
   version   : 
   vqmver    : 
   author    : http://multimerch.com/

File Name    : catalog/controller/common/header.php(0)
VQModObject::applyMod - SEARCH NOT FOUND (SKIPPED): $this->data['text_welcome'] = sprintf($this->language->get('text_welcome'), $this->url->link('account/login', '', 'SSL'), $this->url->link('account/register', '', 'SSL'));

MOD DETAILS:
   modFile   : /var/www/market-dev/vqmod/xml/multimerch_xt_comments.xml
   id        : MultiMerch Comments
   version   : 
   vqmver    : 
   author    : http://multimerch.com/

File Name    : catalog/view/theme/pav_foodgood/template/product/product.tpl(0)
VQModObject::applyMod - SEARCH NOT FOUND (ABORTING MOD): <div class="tab-pane active" id="tab-description"><?php echo $description; ?></div>

MOD DETAILS:
   modFile   : /var/www/market-dev/vqmod/xml/multimerch_xt_shipping_productpage.xml
   id        : MultiMerch Shipping Edition - Product page
   version   : 
   vqmver    : 
   author    : 

File Name    : catalog/view/theme/pav_foodgood/template/product/product.tpl(0)
VQModObject::applyMod - SEARCH NOT FOUND (ABORTING MOD): <li><?php echo $text_stock; ?> <?php echo $stock; ?></li>
MOD DETAILS:
   modFile   : /var/www/market-dev/vqmod/xml/multimerch_xt_social_links.xml
   id        : MultiMerch Social Links
   version   : 
   vqmver    : 
   author    : http://multimerch.com/

File Name    : catalog/view/theme/pav_foodgood/template/product/product.tpl(0)
VQModObject::applyMod - SEARCH NOT FOUND (ABORTING MOD): <!-- end seller block -->

----------------------------------------------------------------------


---------- Date: 2016-03-15 15:50:06 ~ IP : 127.0.0.1 ----------
REQUEST URI : /index.php?route=product/product&product_id=91
MOD DETAILS:
   modFile   : /var/www/market-dev/vqmod/xml/multimerch_core_onepagereg.xml
   id        : MultiMerch Core One Page Registration
   version   : 
   vqmver    : 
   author    : http://multimerch.com/

File Name    : catalog/controller/common/header.php(0)
VQModObject::applyMod - SEARCH NOT FOUND (SKIPPED): $this->data['text_welcome'] = sprintf($this->language->get('text_welcome'), $this->url->link('account/login', '', 'SSL'), $this->url->link('account/register', '', 'SSL'));

MOD DETAILS:
   modFile   : /var/www/market-dev/vqmod/xml/multimerch_xt_comments.xml
   id        : MultiMerch Comments
   version   : 
   vqmver    : 
   author    : http://multimerch.com/

File Name    : catalog/view/theme/pav_foodgood/template/product/product.tpl(0)
VQModObject::applyMod - SEARCH NOT FOUND (ABORTING MOD): <div class="tab-pane active" id="tab-description"><?php echo $description; ?></div>

MOD DETAILS:
   modFile   : /var/www/market-dev/vqmod/xml/multimerch_xt_shipping_productpage.xml
   id        : MultiMerch Shipping Edition - Product page
   version   : 
   vqmver    : 
   author    : 

File Name    : catalog/view/theme/pav_foodgood/template/product/product.tpl(0)
VQModObject::applyMod - SEARCH NOT FOUND (ABORTING MOD): <li><?php echo $text_stock; ?> <?php echo $stock; ?></li>
MOD DETAILS:
   modFile   : /var/www/market-dev/vqmod/xml/multimerch_xt_social_links.xml
   id        : MultiMerch Social Links
   version   : 
   vqmver    : 
   author    : http://multimerch.com/

File Name    : catalog/view/theme/pav_foodgood/template/product/product.tpl(0)
VQModObject::applyMod - SEARCH NOT FOUND (ABORTING MOD): <!-- end seller block -->

----------------------------------------------------------------------


---------- Date: 2016-03-15 15:51:13 ~ IP : 127.0.0.1 ----------
REQUEST URI : /index.php?route=product/product&product_id=91
MOD DETAILS:
   modFile   : /var/www/market-dev/vqmod/xml/multimerch_core_onepagereg.xml
   id        : MultiMerch Core One Page Registration
   version   : 
   vqmver    : 
   author    : http://multimerch.com/

File Name    : catalog/controller/common/header.php(0)
VQModObject::applyMod - SEARCH NOT FOUND (SKIPPED): $this->data['text_welcome'] = sprintf($this->language->get('text_welcome'), $this->url->link('account/login', '', 'SSL'), $this->url->link('account/register', '', 'SSL'));

MOD DETAILS:
   modFile   : /var/www/market-dev/vqmod/xml/multimerch_xt_comments.xml
   id        : MultiMerch Comments
   version   : 
   vqmver    : 
   author    : http://multimerch.com/

File Name    : catalog/view/theme/pav_foodgood/template/product/product.tpl(0)
VQModObject::applyMod - SEARCH NOT FOUND (ABORTING MOD): <div class="tab-pane active" id="tab-description"><?php echo $description; ?></div>

MOD DETAILS:
   modFile   : /var/www/market-dev/vqmod/xml/multimerch_xt_shipping_productpage.xml
   id        : MultiMerch Shipping Edition - Product page
   version   : 
   vqmver    : 
   author    : 

File Name    : catalog/view/theme/pav_foodgood/template/product/product.tpl(0)
VQModObject::applyMod - SEARCH NOT FOUND (ABORTING MOD): <li><?php echo $text_stock; ?> <?php echo $stock; ?></li>
MOD DETAILS:
   modFile   : /var/www/market-dev/vqmod/xml/multimerch_xt_social_links.xml
   id        : MultiMerch Social Links
   version   : 
   vqmver    : 
   author    : http://multimerch.com/

File Name    : catalog/view/theme/pav_foodgood/template/product/product.tpl(0)
VQModObject::applyMod - SEARCH NOT FOUND (ABORTING MOD): <!-- end seller block -->

----------------------------------------------------------------------


---------- Date: 2016-03-15 15:55:25 ~ IP : 127.0.0.1 ----------
REQUEST URI : /index.php?route=product/product&product_id=91
MOD DETAILS:
   modFile   : /var/www/market-dev/vqmod/xml/multimerch_core_onepagereg.xml
   id        : MultiMerch Core One Page Registration
   version   : 
   vqmver    : 
   author    : http://multimerch.com/

File Name    : catalog/controller/common/header.php(0)
VQModObject::applyMod - SEARCH NOT FOUND (SKIPPED): $this->data['text_welcome'] = sprintf($this->language->get('text_welcome'), $this->url->link('account/login', '', 'SSL'), $this->url->link('account/register', '', 'SSL'));

MOD DETAILS:
   modFile   : /var/www/market-dev/vqmod/xml/multimerch_xt_comments.xml
   id        : MultiMerch Comments
   version   : 
   vqmver    : 
   author    : http://multimerch.com/

File Name    : catalog/view/theme/pav_foodgood/template/product/product.tpl(0)
VQModObject::applyMod - SEARCH NOT FOUND (ABORTING MOD): <div class="tab-pane active" id="tab-description"><?php echo $description; ?></div>

MOD DETAILS:
   modFile   : /var/www/market-dev/vqmod/xml/multimerch_xt_shipping_productpage.xml
   id        : MultiMerch Shipping Edition - Product page
   version   : 
   vqmver    : 
   author    : 

File Name    : catalog/view/theme/pav_foodgood/template/product/product.tpl(0)
VQModObject::applyMod - SEARCH NOT FOUND (ABORTING MOD): <li><?php echo $text_stock; ?> <?php echo $stock; ?></li>
MOD DETAILS:
   modFile   : /var/www/market-dev/vqmod/xml/multimerch_xt_social_links.xml
   id        : MultiMerch Social Links
   version   : 
   vqmver    : 
   author    : http://multimerch.com/

File Name    : catalog/view/theme/pav_foodgood/template/product/product.tpl(0)
VQModObject::applyMod - SEARCH NOT FOUND (ABORTING MOD): <!-- end seller block -->

----------------------------------------------------------------------


---------- Date: 2016-03-15 15:56:21 ~ IP : 127.0.0.1 ----------
REQUEST URI : /index.php?route=product/product&product_id=91
MOD DETAILS:
   modFile   : /var/www/market-dev/vqmod/xml/multimerch_core_onepagereg.xml
   id        : MultiMerch Core One Page Registration
   version   : 
   vqmver    : 
   author    : http://multimerch.com/

File Name    : catalog/controller/common/header.php(0)
VQModObject::applyMod - SEARCH NOT FOUND (SKIPPED): $this->data['text_welcome'] = sprintf($this->language->get('text_welcome'), $this->url->link('account/login', '', 'SSL'), $this->url->link('account/register', '', 'SSL'));

MOD DETAILS:
   modFile   : /var/www/market-dev/vqmod/xml/multimerch_xt_comments.xml
   id        : MultiMerch Comments
   version   : 
   vqmver    : 
   author    : http://multimerch.com/

File Name    : catalog/view/theme/pav_foodgood/template/product/product.tpl(0)
VQModObject::applyMod - SEARCH NOT FOUND (ABORTING MOD): <div class="tab-pane active" id="tab-description"><?php echo $description; ?></div>

MOD DETAILS:
   modFile   : /var/www/market-dev/vqmod/xml/multimerch_xt_shipping_productpage.xml
   id        : MultiMerch Shipping Edition - Product page
   version   : 
   vqmver    : 
   author    : 

File Name    : catalog/view/theme/pav_foodgood/template/product/product.tpl(0)
VQModObject::applyMod - SEARCH NOT FOUND (ABORTING MOD): <li><?php echo $text_stock; ?> <?php echo $stock; ?></li>
MOD DETAILS:
   modFile   : /var/www/market-dev/vqmod/xml/multimerch_xt_social_links.xml
   id        : MultiMerch Social Links
   version   : 
   vqmver    : 
   author    : http://multimerch.com/

File Name    : catalog/view/theme/pav_foodgood/template/product/product.tpl(0)
VQModObject::applyMod - SEARCH NOT FOUND (ABORTING MOD): <!-- end seller block -->

----------------------------------------------------------------------


---------- Date: 2016-03-15 15:59:00 ~ IP : 127.0.0.1 ----------
REQUEST URI : /index.php?route=product/product&product_id=91
MOD DETAILS:
   modFile   : /var/www/market-dev/vqmod/xml/multimerch_core_onepagereg.xml
   id        : MultiMerch Core One Page Registration
   version   : 
   vqmver    : 
   author    : http://multimerch.com/

File Name    : catalog/controller/common/header.php(0)
VQModObject::applyMod - SEARCH NOT FOUND (SKIPPED): $this->data['text_welcome'] = sprintf($this->language->get('text_welcome'), $this->url->link('account/login', '', 'SSL'), $this->url->link('account/register', '', 'SSL'));

MOD DETAILS:
   modFile   : /var/www/market-dev/vqmod/xml/multimerch_xt_comments.xml
   id        : MultiMerch Comments
   version   : 
   vqmver    : 
   author    : http://multimerch.com/

File Name    : catalog/view/theme/pav_foodgood/template/product/product.tpl(0)
VQModObject::applyMod - SEARCH NOT FOUND (ABORTING MOD): <div class="tab-pane active" id="tab-description"><?php echo $description; ?></div>

MOD DETAILS:
   modFile   : /var/www/market-dev/vqmod/xml/multimerch_xt_shipping_productpage.xml
   id        : MultiMerch Shipping Edition - Product page
   version   : 
   vqmver    : 
   author    : 

File Name    : catalog/view/theme/pav_foodgood/template/product/product.tpl(0)
VQModObject::applyMod - SEARCH NOT FOUND (ABORTING MOD): <li><?php echo $text_stock; ?> <?php echo $stock; ?></li>
MOD DETAILS:
   modFile   : /var/www/market-dev/vqmod/xml/multimerch_xt_social_links.xml
   id        : MultiMerch Social Links
   version   : 
   vqmver    : 
   author    : http://multimerch.com/

File Name    : catalog/view/theme/pav_foodgood/template/product/product.tpl(0)
VQModObject::applyMod - SEARCH NOT FOUND (ABORTING MOD): <!-- end seller block -->

----------------------------------------------------------------------


---------- Date: 2016-03-15 16:34:58 ~ IP : 127.0.0.1 ----------
REQUEST URI : /index.php?route=product/product&product_id=91
MOD DETAILS:
   modFile   : /var/www/market-dev/vqmod/xml/multimerch_core_onepagereg.xml
   id        : MultiMerch Core One Page Registration
   version   : 
   vqmver    : 
   author    : http://multimerch.com/

File Name    : catalog/controller/common/header.php(0)
VQModObject::applyMod - SEARCH NOT FOUND (SKIPPED): $this->data['text_welcome'] = sprintf($this->language->get('text_welcome'), $this->url->link('account/login', '', 'SSL'), $this->url->link('account/register', '', 'SSL'));

MOD DETAILS:
   modFile   : /var/www/market-dev/vqmod/xml/multimerch_xt_comments.xml
   id        : MultiMerch Comments
   version   : 
   vqmver    : 
   author    : http://multimerch.com/

File Name    : catalog/view/theme/pav_foodgood/template/product/product.tpl(0)
VQModObject::applyMod - SEARCH NOT FOUND (ABORTING MOD): <div class="tab-pane active" id="tab-description"><?php echo $description; ?></div>

MOD DETAILS:
   modFile   : /var/www/market-dev/vqmod/xml/multimerch_xt_shipping_productpage.xml
   id        : MultiMerch Shipping Edition - Product page
   version   : 
   vqmver    : 
   author    : 

File Name    : catalog/view/theme/pav_foodgood/template/product/product.tpl(0)
VQModObject::applyMod - SEARCH NOT FOUND (ABORTING MOD): <li><?php echo $text_stock; ?> <?php echo $stock; ?></li>
MOD DETAILS:
   modFile   : /var/www/market-dev/vqmod/xml/multimerch_xt_social_links.xml
   id        : MultiMerch Social Links
   version   : 
   vqmver    : 
   author    : http://multimerch.com/

File Name    : catalog/view/theme/pav_foodgood/template/product/product.tpl(0)
VQModObject::applyMod - SEARCH NOT FOUND (ABORTING MOD): <!-- end seller block -->

----------------------------------------------------------------------


---------- Date: 2016-03-15 16:43:29 ~ IP : 127.0.0.1 ----------
REQUEST URI : /index.php?route=product/product&path=85&product_id=89
VQMod::_parseMods - INVALID XML FILE: : Extra content at the end of the document in /var/www/market-dev/vqmod/xml/multimerch__core_productpage_hitech.xml, line: 29
MOD DETAILS:
   modFile   : /var/www/market-dev/vqmod/xml/multimerch_core_onepagereg.xml
   id        : MultiMerch Core One Page Registration
   version   : 
   vqmver    : 
   author    : http://multimerch.com/

File Name    : catalog/controller/common/header.php(0)
VQModObject::applyMod - SEARCH NOT FOUND (SKIPPED): $this->data['text_welcome'] = sprintf($this->language->get('text_welcome'), $this->url->link('account/login', '', 'SSL'), $this->url->link('account/register', '', 'SSL'));

MOD DETAILS:
   modFile   : /var/www/market-dev/vqmod/xml/multimerch_xt_comments.xml
   id        : MultiMerch Comments
   version   : 
   vqmver    : 
   author    : http://multimerch.com/

File Name    : catalog/view/theme/pav_foodgood/template/product/product.tpl(0)
VQModObject::applyMod - SEARCH NOT FOUND (ABORTING MOD): <div class="tab-pane active" id="tab-description"><?php echo $description; ?></div>

MOD DETAILS:
   modFile   : /var/www/market-dev/vqmod/xml/multimerch_xt_shipping_productpage.xml
   id        : MultiMerch Shipping Edition - Product page
   version   : 
   vqmver    : 
   author    : 

File Name    : catalog/view/theme/pav_foodgood/template/product/product.tpl(0)
VQModObject::applyMod - SEARCH NOT FOUND (ABORTING MOD): <li><?php echo $text_stock; ?> <?php echo $stock; ?></li>
MOD DETAILS:
   modFile   : /var/www/market-dev/vqmod/xml/multimerch_xt_social_links.xml
   id        : MultiMerch Social Links
   version   : 
   vqmver    : 
   author    : http://multimerch.com/

File Name    : catalog/view/theme/pav_foodgood/template/product/product.tpl(0)
VQModObject::applyMod - SEARCH NOT FOUND (ABORTING MOD): <!-- end seller block -->

----------------------------------------------------------------------


---------- Date: 2016-03-15 16:44:28 ~ IP : 127.0.0.1 ----------
REQUEST URI : /index.php?route=product/product&path=85&product_id=89
VQMod::_parseMods - INVALID XML FILE: : Extra content at the end of the document in /var/www/market-dev/vqmod/xml/multimerch__core_productpage_hitech.xml, line: 28
MOD DETAILS:
   modFile   : /var/www/market-dev/vqmod/xml/multimerch_core_onepagereg.xml
   id        : MultiMerch Core One Page Registration
   version   : 
   vqmver    : 
   author    : http://multimerch.com/

File Name    : catalog/controller/common/header.php(0)
VQModObject::applyMod - SEARCH NOT FOUND (SKIPPED): $this->data['text_welcome'] = sprintf($this->language->get('text_welcome'), $this->url->link('account/login', '', 'SSL'), $this->url->link('account/register', '', 'SSL'));

MOD DETAILS:
   modFile   : /var/www/market-dev/vqmod/xml/multimerch_xt_comments.xml
   id        : MultiMerch Comments
   version   : 
   vqmver    : 
   author    : http://multimerch.com/

File Name    : catalog/view/theme/pav_foodgood/template/product/product.tpl(0)
VQModObject::applyMod - SEARCH NOT FOUND (ABORTING MOD): <div class="tab-pane active" id="tab-description"><?php echo $description; ?></div>

MOD DETAILS:
   modFile   : /var/www/market-dev/vqmod/xml/multimerch_xt_shipping_productpage.xml
   id        : MultiMerch Shipping Edition - Product page
   version   : 
   vqmver    : 
   author    : 

File Name    : catalog/view/theme/pav_foodgood/template/product/product.tpl(0)
VQModObject::applyMod - SEARCH NOT FOUND (ABORTING MOD): <li><?php echo $text_stock; ?> <?php echo $stock; ?></li>
MOD DETAILS:
   modFile   : /var/www/market-dev/vqmod/xml/multimerch_xt_social_links.xml
   id        : MultiMerch Social Links
   version   : 
   vqmver    : 
   author    : http://multimerch.com/

File Name    : catalog/view/theme/pav_foodgood/template/product/product.tpl(0)
VQModObject::applyMod - SEARCH NOT FOUND (ABORTING MOD): <!-- end seller block -->

----------------------------------------------------------------------


---------- Date: 2016-03-15 16:45:01 ~ IP : 127.0.0.1 ----------
REQUEST URI : /index.php?route=product/product&path=85&product_id=89
VQMod::_parseMods - INVALID XML FILE: : Extra content at the end of the document in /var/www/market-dev/vqmod/xml/multimerch__core_productpage_hitech.xml, line: 29
MOD DETAILS:
   modFile   : /var/www/market-dev/vqmod/xml/multimerch_core_onepagereg.xml
   id        : MultiMerch Core One Page Registration
   version   : 
   vqmver    : 
   author    : http://multimerch.com/

File Name    : catalog/controller/common/header.php(0)
VQModObject::applyMod - SEARCH NOT FOUND (SKIPPED): $this->data['text_welcome'] = sprintf($this->language->get('text_welcome'), $this->url->link('account/login', '', 'SSL'), $this->url->link('account/register', '', 'SSL'));

MOD DETAILS:
   modFile   : /var/www/market-dev/vqmod/xml/multimerch_xt_comments.xml
   id        : MultiMerch Comments
   version   : 
   vqmver    : 
   author    : http://multimerch.com/

File Name    : catalog/view/theme/pav_foodgood/template/product/product.tpl(0)
VQModObject::applyMod - SEARCH NOT FOUND (ABORTING MOD): <div class="tab-pane active" id="tab-description"><?php echo $description; ?></div>

MOD DETAILS:
   modFile   : /var/www/market-dev/vqmod/xml/multimerch_xt_shipping_productpage.xml
   id        : MultiMerch Shipping Edition - Product page
   version   : 
   vqmver    : 
   author    : 

File Name    : catalog/view/theme/pav_foodgood/template/product/product.tpl(0)
VQModObject::applyMod - SEARCH NOT FOUND (ABORTING MOD): <li><?php echo $text_stock; ?> <?php echo $stock; ?></li>
MOD DETAILS:
   modFile   : /var/www/market-dev/vqmod/xml/multimerch_xt_social_links.xml
   id        : MultiMerch Social Links
   version   : 
   vqmver    : 
   author    : http://multimerch.com/

File Name    : catalog/view/theme/pav_foodgood/template/product/product.tpl(0)
VQModObject::applyMod - SEARCH NOT FOUND (ABORTING MOD): <!-- end seller block -->

----------------------------------------------------------------------


---------- Date: 2016-03-15 16:45:47 ~ IP : 127.0.0.1 ----------
REQUEST URI : /index.php?route=product/product&path=85&product_id=89
VQMod::_parseMods - INVALID XML FILE: : Extra content at the end of the document in /var/www/market-dev/vqmod/xml/multimerch__core_productpage_hitech.xml, line: 29
MOD DETAILS:
   modFile   : /var/www/market-dev/vqmod/xml/multimerch_core_onepagereg.xml
   id        : MultiMerch Core One Page Registration
   version   : 
   vqmver    : 
   author    : http://multimerch.com/

File Name    : catalog/controller/common/header.php(0)
VQModObject::applyMod - SEARCH NOT FOUND (SKIPPED): $this->data['text_welcome'] = sprintf($this->language->get('text_welcome'), $this->url->link('account/login', '', 'SSL'), $this->url->link('account/register', '', 'SSL'));

MOD DETAILS:
   modFile   : /var/www/market-dev/vqmod/xml/multimerch_xt_comments.xml
   id        : MultiMerch Comments
   version   : 
   vqmver    : 
   author    : http://multimerch.com/

File Name    : catalog/view/theme/pav_foodgood/template/product/product.tpl(0)
VQModObject::applyMod - SEARCH NOT FOUND (ABORTING MOD): <div class="tab-pane active" id="tab-description"><?php echo $description; ?></div>

MOD DETAILS:
   modFile   : /var/www/market-dev/vqmod/xml/multimerch_xt_shipping_productpage.xml
   id        : MultiMerch Shipping Edition - Product page
   version   : 
   vqmver    : 
   author    : 

File Name    : catalog/view/theme/pav_foodgood/template/product/product.tpl(0)
VQModObject::applyMod - SEARCH NOT FOUND (ABORTING MOD): <li><?php echo $text_stock; ?> <?php echo $stock; ?></li>
MOD DETAILS:
   modFile   : /var/www/market-dev/vqmod/xml/multimerch_xt_social_links.xml
   id        : MultiMerch Social Links
   version   : 
   vqmver    : 
   author    : http://multimerch.com/

File Name    : catalog/view/theme/pav_foodgood/template/product/product.tpl(0)
VQModObject::applyMod - SEARCH NOT FOUND (ABORTING MOD): <!-- end seller block -->

----------------------------------------------------------------------


---------- Date: 2016-03-15 16:46:20 ~ IP : 127.0.0.1 ----------
REQUEST URI : /index.php?route=product/product&path=85&product_id=89
VQMod::_parseMods - INVALID XML FILE: : Extra content at the end of the document in /var/www/market-dev/vqmod/xml/multimerch__core_productpage_hitech.xml, line: 29
MOD DETAILS:
   modFile   : /var/www/market-dev/vqmod/xml/multimerch_core_onepagereg.xml
   id        : MultiMerch Core One Page Registration
   version   : 
   vqmver    : 
   author    : http://multimerch.com/

File Name    : catalog/controller/common/header.php(0)
VQModObject::applyMod - SEARCH NOT FOUND (SKIPPED): $this->data['text_welcome'] = sprintf($this->language->get('text_welcome'), $this->url->link('account/login', '', 'SSL'), $this->url->link('account/register', '', 'SSL'));

MOD DETAILS:
   modFile   : /var/www/market-dev/vqmod/xml/multimerch_xt_comments.xml
   id        : MultiMerch Comments
   version   : 
   vqmver    : 
   author    : http://multimerch.com/

File Name    : catalog/view/theme/pav_foodgood/template/product/product.tpl(0)
VQModObject::applyMod - SEARCH NOT FOUND (ABORTING MOD): <div class="tab-pane active" id="tab-description"><?php echo $description; ?></div>

MOD DETAILS:
   modFile   : /var/www/market-dev/vqmod/xml/multimerch_xt_shipping_productpage.xml
   id        : MultiMerch Shipping Edition - Product page
   version   : 
   vqmver    : 
   author    : 

File Name    : catalog/view/theme/pav_foodgood/template/product/product.tpl(0)
VQModObject::applyMod - SEARCH NOT FOUND (ABORTING MOD): <li><?php echo $text_stock; ?> <?php echo $stock; ?></li>
MOD DETAILS:
   modFile   : /var/www/market-dev/vqmod/xml/multimerch_xt_social_links.xml
   id        : MultiMerch Social Links
   version   : 
   vqmver    : 
   author    : http://multimerch.com/

File Name    : catalog/view/theme/pav_foodgood/template/product/product.tpl(0)
VQModObject::applyMod - SEARCH NOT FOUND (ABORTING MOD): <!-- end seller block -->

----------------------------------------------------------------------


---------- Date: 2016-03-15 16:47:39 ~ IP : 127.0.0.1 ----------
REQUEST URI : /index.php?route=product/product&path=85&product_id=89
VQMod::_parseMods - INVALID XML FILE: : Extra content at the end of the document in /var/www/market-dev/vqmod/xml/multimerch__core_productpage_hitech.xml, line: 29
MOD DETAILS:
   modFile   : /var/www/market-dev/vqmod/xml/multimerch_core_onepagereg.xml
   id        : MultiMerch Core One Page Registration
   version   : 
   vqmver    : 
   author    : http://multimerch.com/

File Name    : catalog/controller/common/header.php(0)
VQModObject::applyMod - SEARCH NOT FOUND (SKIPPED): $this->data['text_welcome'] = sprintf($this->language->get('text_welcome'), $this->url->link('account/login', '', 'SSL'), $this->url->link('account/register', '', 'SSL'));

MOD DETAILS:
   modFile   : /var/www/market-dev/vqmod/xml/multimerch_xt_comments.xml
   id        : MultiMerch Comments
   version   : 
   vqmver    : 
   author    : http://multimerch.com/

File Name    : catalog/view/theme/pav_foodgood/template/product/product.tpl(0)
VQModObject::applyMod - SEARCH NOT FOUND (ABORTING MOD): <div class="tab-pane active" id="tab-description"><?php echo $description; ?></div>

MOD DETAILS:
   modFile   : /var/www/market-dev/vqmod/xml/multimerch_xt_shipping_productpage.xml
   id        : MultiMerch Shipping Edition - Product page
   version   : 
   vqmver    : 
   author    : 

File Name    : catalog/view/theme/pav_foodgood/template/product/product.tpl(0)
VQModObject::applyMod - SEARCH NOT FOUND (ABORTING MOD): <li><?php echo $text_stock; ?> <?php echo $stock; ?></li>
MOD DETAILS:
   modFile   : /var/www/market-dev/vqmod/xml/multimerch_xt_social_links.xml
   id        : MultiMerch Social Links
   version   : 
   vqmver    : 
   author    : http://multimerch.com/

File Name    : catalog/view/theme/pav_foodgood/template/product/product.tpl(0)
VQModObject::applyMod - SEARCH NOT FOUND (ABORTING MOD): <!-- end seller block -->

----------------------------------------------------------------------


---------- Date: 2016-03-15 16:51:43 ~ IP : 127.0.0.1 ----------
REQUEST URI : /index.php?route=product/product&path=85&product_id=89
MOD DETAILS:
   modFile   : /var/www/market-dev/vqmod/xml/multimerch_core_onepagereg.xml
   id        : MultiMerch Core One Page Registration
   version   : 
   vqmver    : 
   author    : http://multimerch.com/

File Name    : catalog/controller/common/header.php(0)
VQModObject::applyMod - SEARCH NOT FOUND (SKIPPED): $this->data['text_welcome'] = sprintf($this->language->get('text_welcome'), $this->url->link('account/login', '', 'SSL'), $this->url->link('account/register', '', 'SSL'));

MOD DETAILS:
   modFile   : /var/www/market-dev/vqmod/xml/multimerch_xt_comments.xml
   id        : MultiMerch Comments
   version   : 
   vqmver    : 
   author    : http://multimerch.com/

File Name    : catalog/view/theme/pav_foodgood/template/product/product.tpl(0)
VQModObject::applyMod - SEARCH NOT FOUND (ABORTING MOD): <div class="tab-pane active" id="tab-description"><?php echo $description; ?></div>

MOD DETAILS:
   modFile   : /var/www/market-dev/vqmod/xml/multimerch_xt_shipping_productpage.xml
   id        : MultiMerch Shipping Edition - Product page
   version   : 
   vqmver    : 
   author    : 

File Name    : catalog/view/theme/pav_foodgood/template/product/product.tpl(0)
VQModObject::applyMod - SEARCH NOT FOUND (ABORTING MOD): <li><?php echo $text_stock; ?> <?php echo $stock; ?></li>
MOD DETAILS:
   modFile   : /var/www/market-dev/vqmod/xml/multimerch_xt_social_links.xml
   id        : MultiMerch Social Links
   version   : 
   vqmver    : 
   author    : http://multimerch.com/

File Name    : catalog/view/theme/pav_foodgood/template/product/product.tpl(0)
VQModObject::applyMod - SEARCH NOT FOUND (ABORTING MOD): <!-- end seller block -->

----------------------------------------------------------------------


---------- Date: 2016-03-15 16:52:44 ~ IP : 127.0.0.1 ----------
REQUEST URI : /index.php?route=product/product&path=85&product_id=89
MOD DETAILS:
   modFile   : /var/www/market-dev/vqmod/xml/multimerch_core_onepagereg.xml
   id        : MultiMerch Core One Page Registration
   version   : 
   vqmver    : 
   author    : http://multimerch.com/

File Name    : catalog/controller/common/header.php(0)
VQModObject::applyMod - SEARCH NOT FOUND (SKIPPED): $this->data['text_welcome'] = sprintf($this->language->get('text_welcome'), $this->url->link('account/login', '', 'SSL'), $this->url->link('account/register', '', 'SSL'));

MOD DETAILS:
   modFile   : /var/www/market-dev/vqmod/xml/multimerch_xt_comments.xml
   id        : MultiMerch Comments
   version   : 
   vqmver    : 
   author    : http://multimerch.com/

File Name    : catalog/view/theme/pav_foodgood/template/product/product.tpl(0)
VQModObject::applyMod - SEARCH NOT FOUND (ABORTING MOD): <div class="tab-pane active" id="tab-description"><?php echo $description; ?></div>

MOD DETAILS:
   modFile   : /var/www/market-dev/vqmod/xml/multimerch_xt_shipping_productpage.xml
   id        : MultiMerch Shipping Edition - Product page
   version   : 
   vqmver    : 
   author    : 

File Name    : catalog/view/theme/pav_foodgood/template/product/product.tpl(0)
VQModObject::applyMod - SEARCH NOT FOUND (ABORTING MOD): <li><?php echo $text_stock; ?> <?php echo $stock; ?></li>
MOD DETAILS:
   modFile   : /var/www/market-dev/vqmod/xml/multimerch_xt_social_links.xml
   id        : MultiMerch Social Links
   version   : 
   vqmver    : 
   author    : http://multimerch.com/

File Name    : catalog/view/theme/pav_foodgood/template/product/product.tpl(0)
VQModObject::applyMod - SEARCH NOT FOUND (ABORTING MOD): <!-- end seller block -->

----------------------------------------------------------------------


---------- Date: 2016-03-15 16:55:41 ~ IP : 127.0.0.1 ----------
REQUEST URI : /index.php?route=product/product&path=85&product_id=89
MOD DETAILS:
   modFile   : /var/www/market-dev/vqmod/xml/multimerch_core_onepagereg.xml
   id        : MultiMerch Core One Page Registration
   version   : 
   vqmver    : 
   author    : http://multimerch.com/

File Name    : catalog/controller/common/header.php(0)
VQModObject::applyMod - SEARCH NOT FOUND (SKIPPED): $this->data['text_welcome'] = sprintf($this->language->get('text_welcome'), $this->url->link('account/login', '', 'SSL'), $this->url->link('account/register', '', 'SSL'));

MOD DETAILS:
   modFile   : /var/www/market-dev/vqmod/xml/multimerch_xt_comments.xml
   id        : MultiMerch Comments
   version   : 
   vqmver    : 
   author    : http://multimerch.com/

File Name    : catalog/view/theme/pav_foodgood/template/product/product.tpl(0)
VQModObject::applyMod - SEARCH NOT FOUND (ABORTING MOD): <div class="tab-pane active" id="tab-description"><?php echo $description; ?></div>

MOD DETAILS:
   modFile   : /var/www/market-dev/vqmod/xml/multimerch_xt_shipping_productpage.xml
   id        : MultiMerch Shipping Edition - Product page
   version   : 
   vqmver    : 
   author    : 

File Name    : catalog/view/theme/pav_foodgood/template/product/product.tpl(0)
VQModObject::applyMod - SEARCH NOT FOUND (ABORTING MOD): <li><?php echo $text_stock; ?> <?php echo $stock; ?></li>
MOD DETAILS:
   modFile   : /var/www/market-dev/vqmod/xml/multimerch_xt_social_links.xml
   id        : MultiMerch Social Links
   version   : 
   vqmver    : 
   author    : http://multimerch.com/

File Name    : catalog/view/theme/pav_foodgood/template/product/product.tpl(0)
VQModObject::applyMod - SEARCH NOT FOUND (ABORTING MOD): <!-- end seller block -->

----------------------------------------------------------------------


---------- Date: 2016-03-15 17:40:56 ~ IP : 127.0.0.1 ----------
REQUEST URI : /index.php?route=product/product&product_id=91
MOD DETAILS:
   modFile   : /var/www/market-dev/vqmod/xml/multimerch_xt_shipping_productpage.xml
   id        : MultiMerch Shipping Edition - Product page
   version   : 
   vqmver    : 
   author    : 

File Name    : catalog/view/theme/pav_foodgood/template/product/product.tpl(0)
VQModObject::applyMod - SEARCH NOT FOUND (ABORTING MOD): <li><?php echo $text_stock; ?> <?php echo $stock; ?></li>
MOD DETAILS:
   modFile   : /var/www/market-dev/vqmod/xml/multimerch_xt_social_links.xml
   id        : MultiMerch Social Links
   version   : 
   vqmver    : 
   author    : http://multimerch.com/

File Name    : catalog/view/theme/pav_foodgood/template/product/product.tpl(0)
VQModObject::applyMod - SEARCH NOT FOUND (ABORTING MOD): <!-- end seller block -->

----------------------------------------------------------------------


---------- Date: 2016-03-15 17:43:03 ~ IP : 127.0.0.1 ----------
REQUEST URI : /index.php?route=product/product&product_id=91
MOD DETAILS:
   modFile   : /var/www/market-dev/vqmod/xml/multimerch_xt_shipping_productpage.xml
   id        : MultiMerch Shipping Edition - Product page
   version   : 
   vqmver    : 
   author    : 

File Name    : catalog/view/theme/pav_foodgood/template/product/product.tpl(0)
VQModObject::applyMod - SEARCH NOT FOUND (ABORTING MOD): <li><?php echo $text_stock; ?> <?php echo $stock; ?></li>
MOD DETAILS:
   modFile   : /var/www/market-dev/vqmod/xml/multimerch_xt_social_links.xml
   id        : MultiMerch Social Links
   version   : 
   vqmver    : 
   author    : http://multimerch.com/

File Name    : catalog/view/theme/pav_foodgood/template/product/product.tpl(0)
VQModObject::applyMod - SEARCH NOT FOUND (ABORTING MOD): <!-- end seller block -->

----------------------------------------------------------------------


---------- Date: 2016-03-15 17:43:46 ~ IP : 127.0.0.1 ----------
REQUEST URI : /index.php?route=product/product&product_id=91
MOD DETAILS:
   modFile   : /var/www/market-dev/vqmod/xml/multimerch_xt_shipping_productpage.xml
   id        : MultiMerch Shipping Edition - Product page
   version   : 
   vqmver    : 
   author    : 

File Name    : catalog/view/theme/pav_foodgood/template/product/product.tpl(0)
VQModObject::applyMod - SEARCH NOT FOUND (ABORTING MOD): <li><?php echo $text_stock; ?> <?php echo $stock; ?></li>
MOD DETAILS:
   modFile   : /var/www/market-dev/vqmod/xml/multimerch_xt_social_links.xml
   id        : MultiMerch Social Links
   version   : 
   vqmver    : 
   author    : http://multimerch.com/

File Name    : catalog/view/theme/pav_foodgood/template/product/product.tpl(0)
VQModObject::applyMod - SEARCH NOT FOUND (ABORTING MOD): <!-- end seller block -->

----------------------------------------------------------------------


