---------- Date: 2016-05-11 07:02:57 ~ IP : 138.4.47.33 ----------
REQUEST URI : /index.php?route=account/login
MOD DETAILS:
   modFile   : /var/www/market-dev/vqmod/xml/multimerch_core_onepagereg.xml
   id        : MultiMerch Core One Page Registration
   version   : 
   vqmver    : 
   author    : http://multimerch.com/

File Name    : catalog/view/theme/pav_foodgood/template/account/login.tpl(0)
VQModObject::applyMod - SEARCH NOT FOUND (SKIPPED): <a href="<?php echo $register; ?>" class="button"><?php echo $button_continue; ?></a></div>

----------------------------------------------------------------------


---------- Date: 2016-05-11 09:57:59 ~ IP : 138.4.47.33 ----------
REQUEST URI : /index.php?route=product/product&product_id=133
MOD DETAILS:
   modFile   : /var/www/market-dev/vqmod/xml/multimerch_xt_badges.xml
   id        : MultiMerch Badges
   version   : 2.0
   vqmver    : 
   author    : http://multimerch.com/

File Name    : catalog/view/theme/pav_foodgood/template/product/product.tpl(0)
VQModObject::applyMod - SEARCH NOT FOUND (ABORTING MOD): <li><?php echo $ms_catalog_seller_profile_totalproducts; ?></b> <?php echo $seller['total_products']; ?></li>

MOD DETAILS:
   modFile   : /var/www/market-dev/vqmod/xml/multimerch_xt_comments.xml
   id        : MultiMerch Comments
   version   : 
   vqmver    : 
   author    : http://multimerch.com/

File Name    : catalog/view/theme/pav_foodgood/template/product/product.tpl(0)
VQModObject::applyMod - SEARCH NOT FOUND (ABORTING MOD): <div class="tab-pane active" id="tab-description"><?php echo $description; ?></div>

MOD DETAILS:
   modFile   : /var/www/market-dev/vqmod/xml/multimerch_xt_shipping_productpage.xml
   id        : MultiMerch Shipping Edition - Product page
   version   : 
   vqmver    : 
   author    : 

File Name    : catalog/view/theme/pav_foodgood/template/product/product.tpl(0)
VQModObject::applyMod - SEARCH NOT FOUND (ABORTING MOD): <li><?php echo $ms_catalog_seller_profile_totalproducts; ?></b> <?php echo $seller['total_products']; ?></li>
MOD DETAILS:
   modFile   : /var/www/market-dev/vqmod/xml/multimerch_xt_social_links.xml
   id        : MultiMerch Social Links
   version   : 
   vqmver    : 
   author    : http://multimerch.com/

File Name    : catalog/view/theme/pav_foodgood/template/product/product.tpl(0)
VQModObject::applyMod - SEARCH NOT FOUND (ABORTING MOD): <!-- end seller block -->

----------------------------------------------------------------------


---------- Date: 2016-05-11 09:58:06 ~ IP : 138.4.47.33 ----------
REQUEST URI : /index.php?route=seller/catalog-seller/profile&seller_id=33
MOD DETAILS:
   modFile   : /var/www/market-dev/vqmod/xml/multimerch_xt_social_links.xml
   id        : MultiMerch Social Links
   version   : 
   vqmver    : 
   author    : http://multimerch.com/

File Name    : catalog/view/theme/pav_foodgood/template/multiseller/catalog-seller-profile.tpl(0)
VQModObject::applyMod - SEARCH NOT FOUND (ABORTING MOD): $this->config->get('mmess_conf_enable')

----------------------------------------------------------------------


---------- Date: 2016-05-11 10:07:16 ~ IP : 138.4.47.33 ----------
REQUEST URI : /index.php?route=checkout/confirm
MOD DETAILS:
   modFile   : /var/www/market-dev/vqmod/xml/multimerch_core_ordercomments.xml
   id        : MultiMerch Core Order Comments per Seller
   version   : 
   vqmver    : 
   author    : http://multimerch.com/

File Name    : catalog/controller/checkout/confirm.php(0)
VQModObject::applyMod - SEARCH NOT FOUND (ABORTING MOD): $data['comment'] = $this->session->data['comment'];

----------------------------------------------------------------------


