---------- Date: 2016-03-18 09:04:53 ~ IP : 127.0.0.1 ----------
REQUEST URI : /index.php?route=seller/account-dashboard
MOD DETAILS:
   modFile   : /var/www/market-dev/vqmod/xml/multimerch_xt_comments.xml
   id        : MultiMerch Comments
   version   : 
   vqmver    : 
   author    : http://multimerch.com/

File Name    : catalog/view/theme/pav_foodgood/template/multiseller/account-dashboard.tpl(0)
VQModObject::applyMod - SEARCH NOT FOUND (ABORTING MOD): <div class="buttons">

----------------------------------------------------------------------


---------- Date: 2016-03-18 10:11:42 ~ IP : 127.0.0.1 ----------
REQUEST URI : /index.php?route=common/home
MOD DETAILS:
   modFile   : /var/www/market-dev/vqmod/xml/multimerch__core_productpage_hitech.xml
   id        : MultiMerch Core Product Page Mods
   version   : 
   vqmver    : 
   author    : 
VQModObject::parseMods - Could not resolve path for [catalog/view/theme/pav_foodgood/template/product/product11.tpl] (SKIPPED)
MOD DETAILS:
   modFile   : /var/www/market-dev/vqmod/xml/multimerch_core_onepagereg.xml
   id        : MultiMerch Core One Page Registration
   version   : 
   vqmver    : 
   author    : http://multimerch.com/

File Name    : catalog/controller/common/header.php(0)
VQModObject::applyMod - SEARCH NOT FOUND (SKIPPED): $this->data['text_welcome'] = sprintf($this->language->get('text_welcome'), $this->url->link('account/login', '', 'SSL'), $this->url->link('account/register', '', 'SSL'));

----------------------------------------------------------------------


---------- Date: 2016-03-18 10:37:55 ~ IP : 127.0.0.1 ----------
REQUEST URI : /index.php?route=checkout/confirm
MOD DETAILS:
   modFile   : /var/www/market-dev/vqmod/xml/multimerch_core_ordercomments.xml
   id        : MultiMerch Core Order Comments per Seller
   version   : 
   vqmver    : 
   author    : http://multimerch.com/

File Name    : catalog/controller/checkout/confirm.php(0)
VQModObject::applyMod - SEARCH NOT FOUND (ABORTING MOD): $data['comment'] = $this->session->data['comment'];

----------------------------------------------------------------------


---------- Date: 2016-03-18 10:51:58 ~ IP : 127.0.0.1 ----------
REQUEST URI : /index.php?route=checkout/payment_method
MOD DETAILS:
   modFile   : /var/www/market-dev/vqmod/xml/multimerch_core_ordercomments.xml
   id        : MultiMerch Core Order Comments per Seller
   version   : 
   vqmver    : 
   author    : http://multimerch.com/

File Name    : catalog/view/theme/pav_foodgood/template/checkout/payment_method.tpl(0)
VQModObject::applyMod - SEARCH NOT FOUND (ABORTING MOD): <textarea name="comment" rows="8" class="form-control"><?php echo $comment; ?></textarea>

----------------------------------------------------------------------


---------- Date: 2016-03-18 10:55:40 ~ IP : 127.0.0.1 ----------
REQUEST URI : /index.php?route=common/home
MOD DETAILS:
   modFile   : /var/www/market-dev/vqmod/xml/multimerch__core_productpage_hitech.xml
   id        : MultiMerch Core Product Page Mods
   version   : 
   vqmver    : 
   author    : 
VQModObject::parseMods - Could not resolve path for [catalog/view/theme/pav_foodgood/template/product/product11.tpl] (SKIPPED)
MOD DETAILS:
   modFile   : /var/www/market-dev/vqmod/xml/multimerch_core_onepagereg.xml
   id        : MultiMerch Core One Page Registration
   version   : 
   vqmver    : 
   author    : http://multimerch.com/

File Name    : catalog/controller/common/header.php(0)
VQModObject::applyMod - SEARCH NOT FOUND (SKIPPED): $this->data['text_welcome'] = sprintf($this->language->get('text_welcome'), $this->url->link('account/login', '', 'SSL'), $this->url->link('account/register', '', 'SSL'));

----------------------------------------------------------------------


---------- Date: 2016-03-18 10:59:29 ~ IP : 127.0.0.1 ----------
REQUEST URI : /index.php?route=checkout/confirm
MOD DETAILS:
   modFile   : /var/www/market-dev/vqmod/xml/multimerch_core_ordercomments.xml
   id        : MultiMerch Core Order Comments per Seller
   version   : 
   vqmver    : 
   author    : http://multimerch.com/

File Name    : catalog/controller/checkout/confirm.php(0)
VQModObject::applyMod - SEARCH NOT FOUND (ABORTING MOD): $data['comment'] = $this->session->data['comment'];

----------------------------------------------------------------------


---------- Date: 2016-03-18 11:18:43 ~ IP : 127.0.0.1 ----------
REQUEST URI : /index.php?route=account/login
MOD DETAILS:
   modFile   : /var/www/market-dev/vqmod/xml/multimerch_core_onepagereg.xml
   id        : MultiMerch Core One Page Registration
   version   : 
   vqmver    : 
   author    : http://multimerch.com/

File Name    : catalog/view/theme/pav_foodgood/template/account/login.tpl(0)
VQModObject::applyMod - SEARCH NOT FOUND (SKIPPED): <a href="<?php echo $register; ?>" class="button"><?php echo $button_continue; ?></a></div>

----------------------------------------------------------------------


---------- Date: 2016-03-18 11:39:10 ~ IP : 127.0.0.1 ----------
REQUEST URI : /index.php?route=product/product&product_id=89
MOD DETAILS:
   modFile   : /var/www/market-dev/vqmod/xml/multimerch_xt_comments.xml
   id        : MultiMerch Comments
   version   : 
   vqmver    : 
   author    : http://multimerch.com/

File Name    : catalog/view/theme/pav_foodgood/template/product/product.tpl(0)
VQModObject::applyMod - SEARCH NOT FOUND (ABORTING MOD): <div class="tab-pane active" id="tab-description"><?php echo $description; ?></div>

MOD DETAILS:
   modFile   : /var/www/market-dev/vqmod/xml/multimerch_xt_shipping_productpage.xml
   id        : MultiMerch Shipping Edition - Product page
   version   : 
   vqmver    : 
   author    : 

File Name    : catalog/view/theme/pav_foodgood/template/product/product.tpl(0)
VQModObject::applyMod - SEARCH NOT FOUND (ABORTING MOD): <li><?php echo $text_stock; ?> <?php echo $stock; ?></li>
MOD DETAILS:
   modFile   : /var/www/market-dev/vqmod/xml/multimerch_xt_social_links.xml
   id        : MultiMerch Social Links
   version   : 
   vqmver    : 
   author    : http://multimerch.com/

File Name    : catalog/view/theme/pav_foodgood/template/product/product.tpl(0)
VQModObject::applyMod - SEARCH NOT FOUND (ABORTING MOD): <!-- end seller block -->

----------------------------------------------------------------------


---------- Date: 2016-03-18 12:07:09 ~ IP : 127.0.0.1 ----------
REQUEST URI : /index.php?route=seller/account-dashboard
MOD DETAILS:
   modFile   : /var/www/market-dev/vqmod/xml/multimerch_xt_comments.xml
   id        : MultiMerch Comments
   version   : 
   vqmver    : 
   author    : http://multimerch.com/

File Name    : catalog/view/theme/pav_foodgood/template/multiseller/account-dashboard.tpl(0)
VQModObject::applyMod - SEARCH NOT FOUND (ABORTING MOD): <div class="buttons">

----------------------------------------------------------------------


---------- Date: 2016-03-18 14:16:50 ~ IP : 127.0.0.1 ----------
REQUEST URI : /index.php?route=common/home
MOD DETAILS:
   modFile   : /var/www/market-dev/vqmod/xml/multimerch__core_productpage_hitech.xml
   id        : MultiMerch Core Product Page Mods
   version   : 
   vqmver    : 
   author    : 
VQModObject::parseMods - Could not resolve path for [catalog/view/theme/pav_foodgood/template/product/product11.tpl] (SKIPPED)
MOD DETAILS:
   modFile   : /var/www/market-dev/vqmod/xml/multimerch_core_onepagereg.xml
   id        : MultiMerch Core One Page Registration
   version   : 
   vqmver    : 
   author    : http://multimerch.com/

File Name    : catalog/controller/common/header.php(0)
VQModObject::applyMod - SEARCH NOT FOUND (SKIPPED): $this->data['text_welcome'] = sprintf($this->language->get('text_welcome'), $this->url->link('account/login', '', 'SSL'), $this->url->link('account/register', '', 'SSL'));

----------------------------------------------------------------------


---------- Date: 2016-03-18 14:37:44 ~ IP : 127.0.0.1 ----------
REQUEST URI : /index.php?route=account/login
MOD DETAILS:
   modFile   : /var/www/market-dev/vqmod/xml/multimerch_core_onepagereg.xml
   id        : MultiMerch Core One Page Registration
   version   : 
   vqmver    : 
   author    : http://multimerch.com/

File Name    : catalog/view/theme/pav_foodgood/template/account/login.tpl(0)
VQModObject::applyMod - SEARCH NOT FOUND (SKIPPED): <a href="<?php echo $register; ?>" class="button"><?php echo $button_continue; ?></a></div>

----------------------------------------------------------------------


---------- Date: 2016-03-18 14:38:07 ~ IP : 127.0.0.1 ----------
REQUEST URI : /index.php?route=seller/account-dashboard
MOD DETAILS:
   modFile   : /var/www/market-dev/vqmod/xml/multimerch_xt_comments.xml
   id        : MultiMerch Comments
   version   : 
   vqmver    : 
   author    : http://multimerch.com/

File Name    : catalog/view/theme/pav_foodgood/template/multiseller/account-dashboard.tpl(0)
VQModObject::applyMod - SEARCH NOT FOUND (ABORTING MOD): <div class="buttons">

----------------------------------------------------------------------


