2016-03-31 9:45:11 - PHP Notice:  Undefined variable: pavo_link in /var/www/market-dev/vqmod/vqcache/vq2-admin_view_template_common_menu.tpl on line 84
2016-03-31 9:45:11 - PHP Notice:  Undefined variable: megamenu_link in /var/www/market-dev/vqmod/vqcache/vq2-admin_view_template_common_menu.tpl on line 85
2016-03-31 9:45:59 - PHP Notice:  Undefined variable: pavo_link in /var/www/market-dev/vqmod/vqcache/vq2-admin_view_template_common_menu.tpl on line 84
2016-03-31 9:45:59 - PHP Notice:  Undefined variable: megamenu_link in /var/www/market-dev/vqmod/vqcache/vq2-admin_view_template_common_menu.tpl on line 85
2016-03-31 9:55:59 - PHP Notice:  Undefined index: product_tags in /var/www/market-dev/vqmod/vqcache/vq2-catalog_controller_seller_account-product.php on line 345
2016-03-31 9:57:03 - PHP Notice:  Undefined variable: pavo_link in /var/www/market-dev/vqmod/vqcache/vq2-admin_view_template_common_menu.tpl on line 84
2016-03-31 9:57:03 - PHP Notice:  Undefined variable: megamenu_link in /var/www/market-dev/vqmod/vqcache/vq2-admin_view_template_common_menu.tpl on line 85
2016-03-31 9:57:04 - PHP Notice:  Undefined variable: pavo_link in /var/www/market-dev/vqmod/vqcache/vq2-admin_view_template_common_menu.tpl on line 84
2016-03-31 9:57:04 - PHP Notice:  Undefined variable: megamenu_link in /var/www/market-dev/vqmod/vqcache/vq2-admin_view_template_common_menu.tpl on line 85




2016-03-31 10:03:41 - PHP Notice:  Undefined index: product_tags in /var/www/market-dev/vqmod/vqcache/vq2-catalog_controller_seller_account-product.php on line 345
2016-03-31 10:10:33 - PHP Notice:  Undefined index: product_tags in /var/www/market-dev/vqmod/vqcache/vq2-catalog_controller_seller_account-product.php on line 345
2016-03-31 10:12:05 - PHP Notice:  Undefined index: product_tags in /var/www/market-dev/vqmod/vqcache/vq2-catalog_controller_seller_account-product.php on line 345
2016-03-31 10:13:15 - PHP Notice:  Undefined index: product_tags in /var/www/market-dev/vqmod/vqcache/vq2-catalog_controller_seller_account-product.php on line 345
2016-03-31 10:38:18 - PHP Notice:  Undefined index: product_tags in /var/www/market-dev/vqmod/vqcache/vq2-catalog_controller_seller_account-product.php on line 345
2016-03-31 10:39:29 - PHP Notice:  Undefined variable: pavo_link in /var/www/market-dev/vqmod/vqcache/vq2-admin_view_template_common_menu.tpl on line 84
2016-03-31 10:39:29 - PHP Notice:  Undefined variable: megamenu_link in /var/www/market-dev/vqmod/vqcache/vq2-admin_view_template_common_menu.tpl on line 85
2016-03-31 10:40:35 - PHP Notice:  Undefined variable: pavo_link in /var/www/market-dev/vqmod/vqcache/vq2-admin_view_template_common_menu.tpl on line 84
2016-03-31 10:40:35 - PHP Notice:  Undefined variable: megamenu_link in /var/www/market-dev/vqmod/vqcache/vq2-admin_view_template_common_menu.tpl on line 85
2016-03-31 10:40:41 - PHP Notice:  Undefined variable: pavo_link in /var/www/market-dev/vqmod/vqcache/vq2-admin_view_template_common_menu.tpl on line 84
2016-03-31 10:40:41 - PHP Notice:  Undefined variable: megamenu_link in /var/www/market-dev/vqmod/vqcache/vq2-admin_view_template_common_menu.tpl on line 85
2016-03-31 10:40:44 - PHP Notice:  Undefined variable: pavo_link in /var/www/market-dev/vqmod/vqcache/vq2-admin_view_template_common_menu.tpl on line 84
2016-03-31 10:40:44 - PHP Notice:  Undefined variable: megamenu_link in /var/www/market-dev/vqmod/vqcache/vq2-admin_view_template_common_menu.tpl on line 85
2016-03-31 10:40:51 - PHP Notice:  Undefined variable: pavo_link in /var/www/market-dev/vqmod/vqcache/vq2-admin_view_template_common_menu.tpl on line 84
2016-03-31 10:40:51 - PHP Notice:  Undefined variable: megamenu_link in /var/www/market-dev/vqmod/vqcache/vq2-admin_view_template_common_menu.tpl on line 85
2016-03-31 10:41:20 - PHP Notice:  Undefined index: product_tags in /var/www/market-dev/vqmod/vqcache/vq2-catalog_controller_seller_account-product.php on line 345
2016-03-31 10:41:20 - MMERCH PRODUCT FORM: <b>Notice</b>: Undefined index: product_tags in <b>/var/www/market-dev/vqmod/vqcache/vq2-catalog_controller_seller_account-product.php</b> on line <b>345</b>
2016-03-31 10:41:40 - PHP Notice:  Undefined index: product_tags in /var/www/market-dev/vqmod/vqcache/vq2-catalog_controller_seller_account-product.php on line 345
2016-03-31 10:44:35 - PHP Notice:  Undefined variable: pavo_link in /var/www/market-dev/vqmod/vqcache/vq2-admin_view_template_common_menu.tpl on line 84
2016-03-31 10:44:35 - PHP Notice:  Undefined variable: megamenu_link in /var/www/market-dev/vqmod/vqcache/vq2-admin_view_template_common_menu.tpl on line 85
2016-03-31 10:44:57 - PHP Notice:  Undefined variable: pavo_link in /var/www/market-dev/vqmod/vqcache/vq2-admin_view_template_common_menu.tpl on line 84
2016-03-31 10:44:57 - PHP Notice:  Undefined variable: megamenu_link in /var/www/market-dev/vqmod/vqcache/vq2-admin_view_template_common_menu.tpl on line 85
2016-03-31 10:45:01 - PHP Notice:  Undefined variable: pavo_link in /var/www/market-dev/vqmod/vqcache/vq2-admin_view_template_common_menu.tpl on line 84
2016-03-31 10:45:01 - PHP Notice:  Undefined variable: megamenu_link in /var/www/market-dev/vqmod/vqcache/vq2-admin_view_template_common_menu.tpl on line 85
2016-03-31 10:46:38 - PHP Notice:  Undefined variable: pavo_link in /var/www/market-dev/vqmod/vqcache/vq2-admin_view_template_common_menu.tpl on line 84
2016-03-31 10:46:38 - PHP Notice:  Undefined variable: megamenu_link in /var/www/market-dev/vqmod/vqcache/vq2-admin_view_template_common_menu.tpl on line 85
2016-03-31 10:46:48 - PHP Notice:  Undefined variable: pavo_link in /var/www/market-dev/vqmod/vqcache/vq2-admin_view_template_common_menu.tpl on line 84
2016-03-31 10:46:48 - PHP Notice:  Undefined variable: megamenu_link in /var/www/market-dev/vqmod/vqcache/vq2-admin_view_template_common_menu.tpl on line 85
2016-03-31 10:47:03 - PHP Notice:  Undefined variable: pavo_link in /var/www/market-dev/vqmod/vqcache/vq2-admin_view_template_common_menu.tpl on line 84
2016-03-31 10:47:03 - PHP Notice:  Undefined variable: megamenu_link in /var/www/market-dev/vqmod/vqcache/vq2-admin_view_template_common_menu.tpl on line 85
2016-03-31 10:47:08 - PHP Notice:  Undefined variable: pavo_link in /var/www/market-dev/vqmod/vqcache/vq2-admin_view_template_common_menu.tpl on line 84
2016-03-31 10:47:08 - PHP Notice:  Undefined variable: megamenu_link in /var/www/market-dev/vqmod/vqcache/vq2-admin_view_template_common_menu.tpl on line 85
2016-03-31 10:47:16 - PHP Notice:  Undefined variable: pavo_link in /var/www/market-dev/vqmod/vqcache/vq2-admin_view_template_common_menu.tpl on line 84
2016-03-31 10:47:16 - PHP Notice:  Undefined variable: megamenu_link in /var/www/market-dev/vqmod/vqcache/vq2-admin_view_template_common_menu.tpl on line 85
2016-03-31 10:47:41 - PHP Notice:  Undefined variable: pavo_link in /var/www/market-dev/vqmod/vqcache/vq2-admin_view_template_common_menu.tpl on line 84
2016-03-31 10:47:41 - PHP Notice:  Undefined variable: megamenu_link in /var/www/market-dev/vqmod/vqcache/vq2-admin_view_template_common_menu.tpl on line 85
2016-03-31 10:48:08 - PHP Notice:  Undefined index: product_tags in /var/www/market-dev/vqmod/vqcache/vq2-catalog_controller_seller_account-product.php on line 345
2016-03-31 10:48:38 - PHP Notice:  Undefined index: product_tags in /var/www/market-dev/vqmod/vqcache/vq2-catalog_controller_seller_account-product.php on line 345
2016-03-31 12:35:46 - PHP Notice:  Undefined variable: pavo_link in /var/www/market-dev/vqmod/vqcache/vq2-admin_view_template_common_menu.tpl on line 84
2016-03-31 12:35:46 - PHP Notice:  Undefined variable: megamenu_link in /var/www/market-dev/vqmod/vqcache/vq2-admin_view_template_common_menu.tpl on line 85
2016-03-31 12:35:59 - PHP Notice:  Undefined variable: pavo_link in /var/www/market-dev/vqmod/vqcache/vq2-admin_view_template_common_menu.tpl on line 84
2016-03-31 12:35:59 - PHP Notice:  Undefined variable: megamenu_link in /var/www/market-dev/vqmod/vqcache/vq2-admin_view_template_common_menu.tpl on line 85
2016-03-31 12:36:01 - PHP Notice:  Undefined variable: pavo_link in /var/www/market-dev/vqmod/vqcache/vq2-admin_view_template_common_menu.tpl on line 84
2016-03-31 12:36:01 - PHP Notice:  Undefined variable: megamenu_link in /var/www/market-dev/vqmod/vqcache/vq2-admin_view_template_common_menu.tpl on line 85
2016-03-31 12:36:22 - PHP Notice:  Undefined variable: pavo_link in /var/www/market-dev/vqmod/vqcache/vq2-admin_view_template_common_menu.tpl on line 84
2016-03-31 12:36:22 - PHP Notice:  Undefined variable: megamenu_link in /var/www/market-dev/vqmod/vqcache/vq2-admin_view_template_common_menu.tpl on line 85
2016-03-31 14:05:31 - PHP Notice:  Undefined variable: pavo_link in /var/www/market-dev/vqmod/vqcache/vq2-admin_view_template_common_menu.tpl on line 84
2016-03-31 14:05:31 - PHP Notice:  Undefined variable: megamenu_link in /var/www/market-dev/vqmod/vqcache/vq2-admin_view_template_common_menu.tpl on line 85
2016-03-31 14:06:41 - PHP Notice:  Undefined variable: pavo_link in /var/www/market-dev/vqmod/vqcache/vq2-admin_view_template_common_menu.tpl on line 84
2016-03-31 14:06:41 - PHP Notice:  Undefined variable: megamenu_link in /var/www/market-dev/vqmod/vqcache/vq2-admin_view_template_common_menu.tpl on line 85
2016-03-31 14:06:46 - PHP Notice:  Undefined variable: pavo_link in /var/www/market-dev/vqmod/vqcache/vq2-admin_view_template_common_menu.tpl on line 84
2016-03-31 14:06:46 - PHP Notice:  Undefined variable: megamenu_link in /var/www/market-dev/vqmod/vqcache/vq2-admin_view_template_common_menu.tpl on line 85
2016-03-31 14:06:51 - PHP Notice:  Undefined variable: pavo_link in /var/www/market-dev/vqmod/vqcache/vq2-admin_view_template_common_menu.tpl on line 84
2016-03-31 14:06:51 - PHP Notice:  Undefined variable: megamenu_link in /var/www/market-dev/vqmod/vqcache/vq2-admin_view_template_common_menu.tpl on line 85
2016-03-31 14:07:01 - PHP Notice:  Undefined variable: pavo_link in /var/www/market-dev/vqmod/vqcache/vq2-admin_view_template_common_menu.tpl on line 84
2016-03-31 14:07:01 - PHP Notice:  Undefined variable: megamenu_link in /var/www/market-dev/vqmod/vqcache/vq2-admin_view_template_common_menu.tpl on line 85
2016-03-31 14:07:06 - PHP Notice:  Undefined variable: pavo_link in /var/www/market-dev/vqmod/vqcache/vq2-admin_view_template_common_menu.tpl on line 84
2016-03-31 14:07:06 - PHP Notice:  Undefined variable: megamenu_link in /var/www/market-dev/vqmod/vqcache/vq2-admin_view_template_common_menu.tpl on line 85
2016-03-31 14:07:12 - PHP Notice:  Undefined variable: pavo_link in /var/www/market-dev/vqmod/vqcache/vq2-admin_view_template_common_menu.tpl on line 84
2016-03-31 14:07:12 - PHP Notice:  Undefined variable: megamenu_link in /var/www/market-dev/vqmod/vqcache/vq2-admin_view_template_common_menu.tpl on line 85
2016-03-31 14:07:16 - PHP Notice:  Undefined variable: pavo_link in /var/www/market-dev/vqmod/vqcache/vq2-admin_view_template_common_menu.tpl on line 84
2016-03-31 14:07:16 - PHP Notice:  Undefined variable: megamenu_link in /var/www/market-dev/vqmod/vqcache/vq2-admin_view_template_common_menu.tpl on line 85
2016-03-31 14:07:47 - PHP Notice:  Undefined variable: pavo_link in /var/www/market-dev/vqmod/vqcache/vq2-admin_view_template_common_menu.tpl on line 84
2016-03-31 14:07:47 - PHP Notice:  Undefined variable: megamenu_link in /var/www/market-dev/vqmod/vqcache/vq2-admin_view_template_common_menu.tpl on line 85
2016-03-31 14:07:50 - PHP Notice:  Undefined variable: pavo_link in /var/www/market-dev/vqmod/vqcache/vq2-admin_view_template_common_menu.tpl on line 84
2016-03-31 14:07:50 - PHP Notice:  Undefined variable: megamenu_link in /var/www/market-dev/vqmod/vqcache/vq2-admin_view_template_common_menu.tpl on line 85
2016-03-31 14:08:28 - PHP Notice:  Undefined variable: pavo_link in /var/www/market-dev/vqmod/vqcache/vq2-admin_view_template_common_menu.tpl on line 84
2016-03-31 14:08:28 - PHP Notice:  Undefined variable: megamenu_link in /var/www/market-dev/vqmod/vqcache/vq2-admin_view_template_common_menu.tpl on line 85
2016-03-31 14:08:47 - PHP Notice:  Undefined variable: pavo_link in /var/www/market-dev/vqmod/vqcache/vq2-admin_view_template_common_menu.tpl on line 84
2016-03-31 14:08:47 - PHP Notice:  Undefined variable: megamenu_link in /var/www/market-dev/vqmod/vqcache/vq2-admin_view_template_common_menu.tpl on line 85
2016-03-31 14:09:02 - PHP Notice:  Undefined variable: pavo_link in /var/www/market-dev/vqmod/vqcache/vq2-admin_view_template_common_menu.tpl on line 84
2016-03-31 14:09:02 - PHP Notice:  Undefined variable: megamenu_link in /var/www/market-dev/vqmod/vqcache/vq2-admin_view_template_common_menu.tpl on line 85
2016-03-31 14:32:14 - PHP Notice:  Undefined variable: pavo_link in /var/www/market-dev/vqmod/vqcache/vq2-admin_view_template_common_menu.tpl on line 84
2016-03-31 14:32:14 - PHP Notice:  Undefined variable: megamenu_link in /var/www/market-dev/vqmod/vqcache/vq2-admin_view_template_common_menu.tpl on line 85
2016-03-31 14:32:17 - PHP Notice:  Undefined variable: pavo_link in /var/www/market-dev/vqmod/vqcache/vq2-admin_view_template_common_menu.tpl on line 84
2016-03-31 14:32:17 - PHP Notice:  Undefined variable: megamenu_link in /var/www/market-dev/vqmod/vqcache/vq2-admin_view_template_common_menu.tpl on line 85
2016-03-31 14:34:40 - PHP Notice:  Undefined variable: pavo_link in /var/www/market-dev/vqmod/vqcache/vq2-admin_view_template_common_menu.tpl on line 84
2016-03-31 14:34:40 - PHP Notice:  Undefined variable: megamenu_link in /var/www/market-dev/vqmod/vqcache/vq2-admin_view_template_common_menu.tpl on line 85
2016-03-31 14:34:42 - PHP Notice:  Undefined variable: pavo_link in /var/www/market-dev/vqmod/vqcache/vq2-admin_view_template_common_menu.tpl on line 84
2016-03-31 14:34:42 - PHP Notice:  Undefined variable: megamenu_link in /var/www/market-dev/vqmod/vqcache/vq2-admin_view_template_common_menu.tpl on line 85
2016-03-31 14:34:47 - PHP Notice:  Undefined variable: pavo_link in /var/www/market-dev/vqmod/vqcache/vq2-admin_view_template_common_menu.tpl on line 84
2016-03-31 14:34:47 - PHP Notice:  Undefined variable: megamenu_link in /var/www/market-dev/vqmod/vqcache/vq2-admin_view_template_common_menu.tpl on line 85
2016-04-07 6:47:38 - PHP Notice:  Undefined variable: pavo_link in /var/www/market-dev/vqmod/vqcache/vq2-admin_view_template_common_menu.tpl on line 84
2016-04-07 6:47:38 - PHP Notice:  Undefined variable: megamenu_link in /var/www/market-dev/vqmod/vqcache/vq2-admin_view_template_common_menu.tpl on line 85
2016-04-07 6:47:42 - PHP Notice:  Undefined variable: pavo_link in /var/www/market-dev/vqmod/vqcache/vq2-admin_view_template_common_menu.tpl on line 84
2016-04-07 6:47:42 - PHP Notice:  Undefined variable: megamenu_link in /var/www/market-dev/vqmod/vqcache/vq2-admin_view_template_common_menu.tpl on line 85
2016-04-07 6:47:44 - PHP Notice:  Undefined variable: pavo_link in /var/www/market-dev/vqmod/vqcache/vq2-admin_view_template_common_menu.tpl on line 84
2016-04-07 6:47:44 - PHP Notice:  Undefined variable: megamenu_link in /var/www/market-dev/vqmod/vqcache/vq2-admin_view_template_common_menu.tpl on line 85
2016-04-07 6:47:44 - PHP Notice:  Undefined variable: pavo_link in /var/www/market-dev/vqmod/vqcache/vq2-admin_view_template_common_menu.tpl on line 84
2016-04-07 6:47:44 - PHP Notice:  Undefined variable: megamenu_link in /var/www/market-dev/vqmod/vqcache/vq2-admin_view_template_common_menu.tpl on line 85
2016-04-07 6:49:23 - PHP Notice:  Undefined variable: pavo_link in /var/www/market-dev/vqmod/vqcache/vq2-admin_view_template_common_menu.tpl on line 84
2016-04-07 6:49:23 - PHP Notice:  Undefined variable: megamenu_link in /var/www/market-dev/vqmod/vqcache/vq2-admin_view_template_common_menu.tpl on line 85
2016-04-07 7:40:25 - PHP Notice:  Undefined variable: pavo_link in /var/www/market-dev/vqmod/vqcache/vq2-admin_view_template_common_menu.tpl on line 84
2016-04-07 7:40:25 - PHP Notice:  Undefined variable: megamenu_link in /var/www/market-dev/vqmod/vqcache/vq2-admin_view_template_common_menu.tpl on line 85
2016-04-11 6:36:29 - PHP Notice:  Undefined variable: pavo_link in /var/www/market-dev/vqmod/vqcache/vq2-admin_view_template_common_menu.tpl on line 84
2016-04-11 6:36:29 - PHP Notice:  Undefined variable: megamenu_link in /var/www/market-dev/vqmod/vqcache/vq2-admin_view_template_common_menu.tpl on line 85
2016-04-11 6:36:34 - PHP Notice:  Undefined variable: pavo_link in /var/www/market-dev/vqmod/vqcache/vq2-admin_view_template_common_menu.tpl on line 84
2016-04-11 6:36:34 - PHP Notice:  Undefined variable: megamenu_link in /var/www/market-dev/vqmod/vqcache/vq2-admin_view_template_common_menu.tpl on line 85
2016-04-11 6:36:39 - PHP Notice:  Undefined variable: pavo_link in /var/www/market-dev/vqmod/vqcache/vq2-admin_view_template_common_menu.tpl on line 84
2016-04-11 6:36:39 - PHP Notice:  Undefined variable: megamenu_link in /var/www/market-dev/vqmod/vqcache/vq2-admin_view_template_common_menu.tpl on line 85
2016-04-11 6:36:41 - PHP Notice:  Undefined variable: pavo_link in /var/www/market-dev/vqmod/vqcache/vq2-admin_view_template_common_menu.tpl on line 84
2016-04-11 6:36:41 - PHP Notice:  Undefined variable: megamenu_link in /var/www/market-dev/vqmod/vqcache/vq2-admin_view_template_common_menu.tpl on line 85
2016-04-19 13:27:43 - PHP Notice:  Undefined variable: pavo_link in /var/www/market-dev/vqmod/vqcache/vq2-admin_view_template_common_menu.tpl on line 84
2016-04-19 13:27:43 - PHP Notice:  Undefined variable: megamenu_link in /var/www/market-dev/vqmod/vqcache/vq2-admin_view_template_common_menu.tpl on line 85
2016-04-19 13:27:47 - PHP Notice:  Undefined variable: pavo_link in /var/www/market-dev/vqmod/vqcache/vq2-admin_view_template_common_menu.tpl on line 84
2016-04-19 13:27:47 - PHP Notice:  Undefined variable: megamenu_link in /var/www/market-dev/vqmod/vqcache/vq2-admin_view_template_common_menu.tpl on line 85
2016-04-19 13:28:18 - PHP Notice:  Undefined variable: pavo_link in /var/www/market-dev/vqmod/vqcache/vq2-admin_view_template_common_menu.tpl on line 84
2016-04-19 13:28:18 - PHP Notice:  Undefined variable: megamenu_link in /var/www/market-dev/vqmod/vqcache/vq2-admin_view_template_common_menu.tpl on line 85
2016-04-19 13:28:19 - PHP Notice:  Undefined variable: pavo_link in /var/www/market-dev/vqmod/vqcache/vq2-admin_view_template_common_menu.tpl on line 84
2016-04-19 13:28:19 - PHP Notice:  Undefined variable: megamenu_link in /var/www/market-dev/vqmod/vqcache/vq2-admin_view_template_common_menu.tpl on line 85
2016-04-19 13:28:28 - PHP Notice:  Error: Could not load model /var/www/market-dev/admin/model/customer/customer.php! in /var/www/market-dev/vqmod/vqcache/vq2-system_engine_loader.php on line 37
2016-04-19 13:28:30 - PHP Notice:  Undefined variable: pavo_link in /var/www/market-dev/vqmod/vqcache/vq2-admin_view_template_common_menu.tpl on line 84
2016-04-19 13:28:30 - PHP Notice:  Undefined variable: megamenu_link in /var/www/market-dev/vqmod/vqcache/vq2-admin_view_template_common_menu.tpl on line 85
2016-04-19 13:28:31 - PHP Notice:  Undefined variable: pavo_link in /var/www/market-dev/vqmod/vqcache/vq2-admin_view_template_common_menu.tpl on line 84
2016-04-19 13:28:31 - PHP Notice:  Undefined variable: megamenu_link in /var/www/market-dev/vqmod/vqcache/vq2-admin_view_template_common_menu.tpl on line 85
2016-04-19 13:28:55 - PHP Notice:  Undefined variable: pavo_link in /var/www/market-dev/vqmod/vqcache/vq2-admin_view_template_common_menu.tpl on line 84
2016-04-19 13:28:55 - PHP Notice:  Undefined variable: megamenu_link in /var/www/market-dev/vqmod/vqcache/vq2-admin_view_template_common_menu.tpl on line 85
2016-04-19 13:28:59 - PHP Notice:  Undefined variable: pavo_link in /var/www/market-dev/vqmod/vqcache/vq2-admin_view_template_common_menu.tpl on line 84
2016-04-19 13:28:59 - PHP Notice:  Undefined variable: megamenu_link in /var/www/market-dev/vqmod/vqcache/vq2-admin_view_template_common_menu.tpl on line 85
2016-04-19 13:29:02 - PHP Notice:  Undefined variable: pavo_link in /var/www/market-dev/vqmod/vqcache/vq2-admin_view_template_common_menu.tpl on line 84
2016-04-19 13:29:02 - PHP Notice:  Undefined variable: megamenu_link in /var/www/market-dev/vqmod/vqcache/vq2-admin_view_template_common_menu.tpl on line 85
2016-04-19 13:31:01 - PHP Notice:  Undefined variable: pavo_link in /var/www/market-dev/vqmod/vqcache/vq2-admin_view_template_common_menu.tpl on line 84
2016-04-19 13:31:01 - PHP Notice:  Undefined variable: megamenu_link in /var/www/market-dev/vqmod/vqcache/vq2-admin_view_template_common_menu.tpl on line 85
2016-04-19 13:31:03 - PHP Notice:  Undefined variable: pavo_link in /var/www/market-dev/vqmod/vqcache/vq2-admin_view_template_common_menu.tpl on line 84
2016-04-19 13:31:03 - PHP Notice:  Undefined variable: megamenu_link in /var/www/market-dev/vqmod/vqcache/vq2-admin_view_template_common_menu.tpl on line 85
2016-04-19 13:31:05 - PHP Notice:  Undefined variable: pavo_link in /var/www/market-dev/vqmod/vqcache/vq2-admin_view_template_common_menu.tpl on line 84
2016-04-19 13:31:05 - PHP Notice:  Undefined variable: megamenu_link in /var/www/market-dev/vqmod/vqcache/vq2-admin_view_template_common_menu.tpl on line 85
2016-04-19 13:31:24 - PHP Notice:  Undefined variable: pavo_link in /var/www/market-dev/vqmod/vqcache/vq2-admin_view_template_common_menu.tpl on line 84
2016-04-19 13:31:24 - PHP Notice:  Undefined variable: megamenu_link in /var/www/market-dev/vqmod/vqcache/vq2-admin_view_template_common_menu.tpl on line 85
2016-04-19 13:31:37 - PHP Notice:  Undefined variable: pavo_link in /var/www/market-dev/vqmod/vqcache/vq2-admin_view_template_common_menu.tpl on line 84
2016-04-19 13:31:37 - PHP Notice:  Undefined variable: megamenu_link in /var/www/market-dev/vqmod/vqcache/vq2-admin_view_template_common_menu.tpl on line 85
2016-04-19 13:31:40 - PHP Notice:  Undefined variable: pavo_link in /var/www/market-dev/vqmod/vqcache/vq2-admin_view_template_common_menu.tpl on line 84
2016-04-19 13:31:40 - PHP Notice:  Undefined variable: megamenu_link in /var/www/market-dev/vqmod/vqcache/vq2-admin_view_template_common_menu.tpl on line 85
2016-04-19 13:31:55 - PHP Notice:  Undefined variable: pavo_link in /var/www/market-dev/vqmod/vqcache/vq2-admin_view_template_common_menu.tpl on line 84
2016-04-19 13:31:55 - PHP Notice:  Undefined variable: megamenu_link in /var/www/market-dev/vqmod/vqcache/vq2-admin_view_template_common_menu.tpl on line 85
2016-04-19 13:31:59 - PHP Notice:  Undefined variable: pavo_link in /var/www/market-dev/vqmod/vqcache/vq2-admin_view_template_common_menu.tpl on line 84
2016-04-19 13:31:59 - PHP Notice:  Undefined variable: megamenu_link in /var/www/market-dev/vqmod/vqcache/vq2-admin_view_template_common_menu.tpl on line 85
2016-04-19 13:32:07 - PHP Notice:  Undefined variable: pavo_link in /var/www/market-dev/vqmod/vqcache/vq2-admin_view_template_common_menu.tpl on line 84
2016-04-19 13:32:07 - PHP Notice:  Undefined variable: megamenu_link in /var/www/market-dev/vqmod/vqcache/vq2-admin_view_template_common_menu.tpl on line 85
2016-04-19 13:32:41 - PHP Notice:  Undefined variable: pavo_link in /var/www/market-dev/vqmod/vqcache/vq2-admin_view_template_common_menu.tpl on line 84
2016-04-19 13:32:41 - PHP Notice:  Undefined variable: megamenu_link in /var/www/market-dev/vqmod/vqcache/vq2-admin_view_template_common_menu.tpl on line 85
2016-04-19 13:32:43 - PHP Notice:  Undefined index: product_tags in /var/www/market-dev/vqmod/vqcache/vq2-catalog_controller_seller_account-product.php on line 345
2016-04-19 13:32:43 - MMERCH PRODUCT FORM: <b>Notice</b>: Undefined index: product_tags in <b>/var/www/market-dev/vqmod/vqcache/vq2-catalog_controller_seller_account-product.php</b> on line <b>345</b>
2016-04-19 13:32:43 - PHP Notice:  Undefined index: success in /var/www/market-dev/vqmod/vqcache/vq2-catalog_controller_seller_account-product.php on line 961
2016-04-19 13:33:09 - PHP Notice:  Undefined index: product_tags in /var/www/market-dev/vqmod/vqcache/vq2-catalog_controller_seller_account-product.php on line 345
2016-04-19 13:33:09 - MMERCH PRODUCT FORM: <b>Notice</b>: Undefined index: product_tags in <b>/var/www/market-dev/vqmod/vqcache/vq2-catalog_controller_seller_account-product.php</b> on line <b>345</b>
2016-04-19 13:35:23 - PHP Notice:  Undefined variable: pavo_link in /var/www/market-dev/vqmod/vqcache/vq2-admin_view_template_common_menu.tpl on line 84
2016-04-19 13:35:23 - PHP Notice:  Undefined variable: megamenu_link in /var/www/market-dev/vqmod/vqcache/vq2-admin_view_template_common_menu.tpl on line 85
2016-04-19 14:02:49 - PHP Notice:  Undefined variable: pavo_link in /var/www/market-dev/vqmod/vqcache/vq2-admin_view_template_common_menu.tpl on line 84
2016-04-19 14:02:49 - PHP Notice:  Undefined variable: megamenu_link in /var/www/market-dev/vqmod/vqcache/vq2-admin_view_template_common_menu.tpl on line 85
2016-04-19 14:02:58 - PHP Notice:  Undefined variable: pavo_link in /var/www/market-dev/vqmod/vqcache/vq2-admin_view_template_common_menu.tpl on line 84
2016-04-19 14:02:58 - PHP Notice:  Undefined variable: megamenu_link in /var/www/market-dev/vqmod/vqcache/vq2-admin_view_template_common_menu.tpl on line 85
2016-04-19 14:03:02 - PHP Notice:  Undefined variable: pavo_link in /var/www/market-dev/vqmod/vqcache/vq2-admin_view_template_common_menu.tpl on line 84
2016-04-19 14:03:02 - PHP Notice:  Undefined variable: megamenu_link in /var/www/market-dev/vqmod/vqcache/vq2-admin_view_template_common_menu.tpl on line 85
2016-04-19 14:03:09 - PHP Notice:  Undefined variable: pavo_link in /var/www/market-dev/vqmod/vqcache/vq2-admin_view_template_common_menu.tpl on line 84
2016-04-19 14:03:09 - PHP Notice:  Undefined variable: megamenu_link in /var/www/market-dev/vqmod/vqcache/vq2-admin_view_template_common_menu.tpl on line 85
2016-04-19 14:03:20 - PHP Notice:  Undefined variable: pavo_link in /var/www/market-dev/vqmod/vqcache/vq2-admin_view_template_common_menu.tpl on line 84
2016-04-19 14:03:20 - PHP Notice:  Undefined variable: megamenu_link in /var/www/market-dev/vqmod/vqcache/vq2-admin_view_template_common_menu.tpl on line 85
2016-04-19 14:03:34 - PHP Notice:  Undefined variable: pavo_link in /var/www/market-dev/vqmod/vqcache/vq2-admin_view_template_common_menu.tpl on line 84
2016-04-19 14:03:34 - PHP Notice:  Undefined variable: megamenu_link in /var/www/market-dev/vqmod/vqcache/vq2-admin_view_template_common_menu.tpl on line 85
2016-04-19 14:04:56 - PHP Notice:  Undefined variable: pavo_link in /var/www/market-dev/vqmod/vqcache/vq2-admin_view_template_common_menu.tpl on line 84
2016-04-19 14:04:56 - PHP Notice:  Undefined variable: megamenu_link in /var/www/market-dev/vqmod/vqcache/vq2-admin_view_template_common_menu.tpl on line 85
2016-04-19 14:06:48 - PHP Notice:  Undefined variable: pavo_link in /var/www/market-dev/vqmod/vqcache/vq2-admin_view_template_common_menu.tpl on line 84
2016-04-19 14:06:48 - PHP Notice:  Undefined variable: megamenu_link in /var/www/market-dev/vqmod/vqcache/vq2-admin_view_template_common_menu.tpl on line 85
2016-04-19 14:06:52 - PHP Notice:  Undefined variable: pavo_link in /var/www/market-dev/vqmod/vqcache/vq2-admin_view_template_common_menu.tpl on line 84
2016-04-19 14:06:52 - PHP Notice:  Undefined variable: megamenu_link in /var/www/market-dev/vqmod/vqcache/vq2-admin_view_template_common_menu.tpl on line 85
2016-04-19 14:07:14 - PHP Notice:  Undefined variable: pavo_link in /var/www/market-dev/vqmod/vqcache/vq2-admin_view_template_common_menu.tpl on line 84
2016-04-19 14:07:14 - PHP Notice:  Undefined variable: megamenu_link in /var/www/market-dev/vqmod/vqcache/vq2-admin_view_template_common_menu.tpl on line 85
2016-05-10 7:21:12 - PHP Notice:  Undefined index: product_tags in /var/www/market-dev/vqmod/vqcache/vq2-catalog_controller_seller_account-product.php on line 345
2016-05-10 7:21:12 - MMERCH PRODUCT FORM: <b>Notice</b>: Undefined index: product_tags in <b>/var/www/market-dev/vqmod/vqcache/vq2-catalog_controller_seller_account-product.php</b> on line <b>345</b>
2016-05-10 7:21:12 - PHP Notice:  Undefined index: success in /var/www/market-dev/vqmod/vqcache/vq2-catalog_controller_seller_account-product.php on line 961
2016-05-10 7:21:58 - PHP Notice:  Undefined index: product_tags in /var/www/market-dev/vqmod/vqcache/vq2-catalog_controller_seller_account-product.php on line 345
2016-05-10 7:21:58 - MMERCH PRODUCT FORM: <b>Notice</b>: Undefined index: product_tags in <b>/var/www/market-dev/vqmod/vqcache/vq2-catalog_controller_seller_account-product.php</b> on line <b>345</b>
2016-05-10 7:21:58 - PHP Notice:  Undefined index: success in /var/www/market-dev/vqmod/vqcache/vq2-catalog_controller_seller_account-product.php on line 961
2016-05-10 7:31:09 - PHP Notice:  Undefined index: product_tags in /var/www/market-dev/vqmod/vqcache/vq2-catalog_controller_seller_account-product.php on line 345
2016-05-10 7:31:28 - PHP Notice:  Undefined variable: pavo_link in /var/www/market-dev/vqmod/vqcache/vq2-admin_view_template_common_menu.tpl on line 84
2016-05-10 7:31:28 - PHP Notice:  Undefined variable: megamenu_link in /var/www/market-dev/vqmod/vqcache/vq2-admin_view_template_common_menu.tpl on line 85
2016-05-10 7:31:42 - PHP Notice:  Undefined variable: pavo_link in /var/www/market-dev/vqmod/vqcache/vq2-admin_view_template_common_menu.tpl on line 84
2016-05-10 7:31:42 - PHP Notice:  Undefined variable: megamenu_link in /var/www/market-dev/vqmod/vqcache/vq2-admin_view_template_common_menu.tpl on line 85
2016-05-10 7:35:06 - PHP Notice:  Undefined variable: pavo_link in /var/www/market-dev/vqmod/vqcache/vq2-admin_view_template_common_menu.tpl on line 84
2016-05-10 7:35:06 - PHP Notice:  Undefined variable: megamenu_link in /var/www/market-dev/vqmod/vqcache/vq2-admin_view_template_common_menu.tpl on line 85
2016-05-10 7:35:09 - PHP Notice:  Undefined variable: pavo_link in /var/www/market-dev/vqmod/vqcache/vq2-admin_view_template_common_menu.tpl on line 84
2016-05-10 7:35:09 - PHP Notice:  Undefined variable: megamenu_link in /var/www/market-dev/vqmod/vqcache/vq2-admin_view_template_common_menu.tpl on line 85
2016-05-10 7:35:11 - PHP Notice:  Undefined variable: pavo_link in /var/www/market-dev/vqmod/vqcache/vq2-admin_view_template_common_menu.tpl on line 84
2016-05-10 7:35:11 - PHP Notice:  Undefined variable: megamenu_link in /var/www/market-dev/vqmod/vqcache/vq2-admin_view_template_common_menu.tpl on line 85
2016-05-10 7:35:16 - PHP Notice:  Undefined variable: pavo_link in /var/www/market-dev/vqmod/vqcache/vq2-admin_view_template_common_menu.tpl on line 84
2016-05-10 7:35:16 - PHP Notice:  Undefined variable: megamenu_link in /var/www/market-dev/vqmod/vqcache/vq2-admin_view_template_common_menu.tpl on line 85
2016-05-10 7:35:36 - PHP Notice:  Undefined variable: pavo_link in /var/www/market-dev/vqmod/vqcache/vq2-admin_view_template_common_menu.tpl on line 84
2016-05-10 7:35:36 - PHP Notice:  Undefined variable: megamenu_link in /var/www/market-dev/vqmod/vqcache/vq2-admin_view_template_common_menu.tpl on line 85
2016-05-10 7:36:00 - PHP Notice:  Undefined variable: pavo_link in /var/www/market-dev/vqmod/vqcache/vq2-admin_view_template_common_menu.tpl on line 84
2016-05-10 7:36:00 - PHP Notice:  Undefined variable: megamenu_link in /var/www/market-dev/vqmod/vqcache/vq2-admin_view_template_common_menu.tpl on line 85
2016-05-10 7:36:11 - PHP Notice:  Undefined variable: pavo_link in /var/www/market-dev/vqmod/vqcache/vq2-admin_view_template_common_menu.tpl on line 84
2016-05-10 7:36:11 - PHP Notice:  Undefined variable: megamenu_link in /var/www/market-dev/vqmod/vqcache/vq2-admin_view_template_common_menu.tpl on line 85
2016-05-10 7:36:30 - PHP Notice:  Undefined variable: pavo_link in /var/www/market-dev/vqmod/vqcache/vq2-admin_view_template_common_menu.tpl on line 84
2016-05-10 7:36:30 - PHP Notice:  Undefined variable: megamenu_link in /var/www/market-dev/vqmod/vqcache/vq2-admin_view_template_common_menu.tpl on line 85
2016-05-10 7:37:27 - PHP Notice:  Undefined index: product_tags in /var/www/market-dev/vqmod/vqcache/vq2-catalog_controller_seller_account-product.php on line 345
2016-05-10 7:37:27 - MMERCH PRODUCT FORM: <b>Notice</b>: Undefined index: product_tags in <b>/var/www/market-dev/vqmod/vqcache/vq2-catalog_controller_seller_account-product.php</b> on line <b>345</b>
2016-05-10 7:37:35 - PHP Notice:  Undefined index: product_tags in /var/www/market-dev/vqmod/vqcache/vq2-catalog_controller_seller_account-product.php on line 345
2016-05-10 7:37:40 - PHP Notice:  Undefined index: product_tags in /var/www/market-dev/vqmod/vqcache/vq2-catalog_controller_seller_account-product.php on line 345
2016-05-10 7:38:07 - PHP Notice:  Undefined variable: pavo_link in /var/www/market-dev/vqmod/vqcache/vq2-admin_view_template_common_menu.tpl on line 84
2016-05-10 7:38:07 - PHP Notice:  Undefined variable: megamenu_link in /var/www/market-dev/vqmod/vqcache/vq2-admin_view_template_common_menu.tpl on line 85
2016-05-10 7:38:13 - PHP Notice:  Undefined variable: pavo_link in /var/www/market-dev/vqmod/vqcache/vq2-admin_view_template_common_menu.tpl on line 84
2016-05-10 7:38:13 - PHP Notice:  Undefined variable: megamenu_link in /var/www/market-dev/vqmod/vqcache/vq2-admin_view_template_common_menu.tpl on line 85
2016-05-10 7:38:27 - PHP Notice:  Undefined variable: pavo_link in /var/www/market-dev/vqmod/vqcache/vq2-admin_view_template_common_menu.tpl on line 84
2016-05-10 7:38:27 - PHP Notice:  Undefined variable: megamenu_link in /var/www/market-dev/vqmod/vqcache/vq2-admin_view_template_common_menu.tpl on line 85
2016-05-10 7:38:32 - PHP Notice:  Undefined variable: pavo_link in /var/www/market-dev/vqmod/vqcache/vq2-admin_view_template_common_menu.tpl on line 84
2016-05-10 7:38:32 - PHP Notice:  Undefined variable: megamenu_link in /var/www/market-dev/vqmod/vqcache/vq2-admin_view_template_common_menu.tpl on line 85
2016-05-10 7:38:53 - PHP Notice:  Undefined variable: pavo_link in /var/www/market-dev/vqmod/vqcache/vq2-admin_view_template_common_menu.tpl on line 84
2016-05-10 7:38:53 - PHP Notice:  Undefined variable: megamenu_link in /var/www/market-dev/vqmod/vqcache/vq2-admin_view_template_common_menu.tpl on line 85
2016-05-10 7:38:57 - PHP Notice:  Undefined variable: pavo_link in /var/www/market-dev/vqmod/vqcache/vq2-admin_view_template_common_menu.tpl on line 84
2016-05-10 7:38:57 - PHP Notice:  Undefined variable: megamenu_link in /var/www/market-dev/vqmod/vqcache/vq2-admin_view_template_common_menu.tpl on line 85
2016-05-10 7:39:05 - PHP Notice:  Undefined variable: pavo_link in /var/www/market-dev/vqmod/vqcache/vq2-admin_view_template_common_menu.tpl on line 84
2016-05-10 7:39:05 - PHP Notice:  Undefined variable: megamenu_link in /var/www/market-dev/vqmod/vqcache/vq2-admin_view_template_common_menu.tpl on line 85
2016-05-10 7:39:16 - PHP Notice:  Undefined variable: pavo_link in /var/www/market-dev/vqmod/vqcache/vq2-admin_view_template_common_menu.tpl on line 84
2016-05-10 7:39:16 - PHP Notice:  Undefined variable: megamenu_link in /var/www/market-dev/vqmod/vqcache/vq2-admin_view_template_common_menu.tpl on line 85
2016-05-10 7:39:26 - PHP Notice:  Undefined variable: pavo_link in /var/www/market-dev/vqmod/vqcache/vq2-admin_view_template_common_menu.tpl on line 84
2016-05-10 7:39:26 - PHP Notice:  Undefined variable: megamenu_link in /var/www/market-dev/vqmod/vqcache/vq2-admin_view_template_common_menu.tpl on line 85
2016-05-10 7:39:36 - PHP Notice:  Undefined variable: pavo_link in /var/www/market-dev/vqmod/vqcache/vq2-admin_view_template_common_menu.tpl on line 84
2016-05-10 7:39:36 - PHP Notice:  Undefined variable: megamenu_link in /var/www/market-dev/vqmod/vqcache/vq2-admin_view_template_common_menu.tpl on line 85
2016-05-10 7:40:09 - PHP Notice:  Undefined variable: pavo_link in /var/www/market-dev/vqmod/vqcache/vq2-admin_view_template_common_menu.tpl on line 84
2016-05-10 7:40:09 - PHP Notice:  Undefined variable: megamenu_link in /var/www/market-dev/vqmod/vqcache/vq2-admin_view_template_common_menu.tpl on line 85
2016-05-10 7:40:12 - PHP Notice:  Undefined variable: pavo_link in /var/www/market-dev/vqmod/vqcache/vq2-admin_view_template_common_menu.tpl on line 84
2016-05-10 7:40:12 - PHP Notice:  Undefined variable: megamenu_link in /var/www/market-dev/vqmod/vqcache/vq2-admin_view_template_common_menu.tpl on line 85
2016-05-10 7:40:18 - PHP Notice:  Undefined index: title in /var/www/market-dev/vqmod/vqcache/vq2-catalog_view_theme_pav_foodgood_template_checkout_payment_method.tpl on line 16
2016-05-10 7:40:35 - PHP Warning:  mysqli::real_escape_string() expects parameter 1 to be string, array given in /var/www/market-dev/system/library/db/mysqli.php on line 45
2016-05-10 7:44:30 - PHP Notice:  Undefined variable: pavo_link in /var/www/market-dev/vqmod/vqcache/vq2-admin_view_template_common_menu.tpl on line 84
2016-05-10 7:44:30 - PHP Notice:  Undefined variable: megamenu_link in /var/www/market-dev/vqmod/vqcache/vq2-admin_view_template_common_menu.tpl on line 85
2016-05-10 7:44:42 - PHP Notice:  Undefined variable: pavo_link in /var/www/market-dev/vqmod/vqcache/vq2-admin_view_template_common_menu.tpl on line 84
2016-05-10 7:44:42 - PHP Notice:  Undefined variable: megamenu_link in /var/www/market-dev/vqmod/vqcache/vq2-admin_view_template_common_menu.tpl on line 85
2016-05-10 8:41:59 - PHP Notice:  Undefined variable: pavo_link in /var/www/market-dev/vqmod/vqcache/vq2-admin_view_template_common_menu.tpl on line 84
2016-05-10 8:41:59 - PHP Notice:  Undefined variable: megamenu_link in /var/www/market-dev/vqmod/vqcache/vq2-admin_view_template_common_menu.tpl on line 85
2016-05-10 8:42:03 - PHP Notice:  Undefined variable: pavo_link in /var/www/market-dev/vqmod/vqcache/vq2-admin_view_template_common_menu.tpl on line 84
2016-05-10 8:42:03 - PHP Notice:  Undefined variable: megamenu_link in /var/www/market-dev/vqmod/vqcache/vq2-admin_view_template_common_menu.tpl on line 85
2016-05-10 8:43:42 - PHP Notice:  Undefined index: product_tags in /var/www/market-dev/vqmod/vqcache/vq2-catalog_controller_seller_account-product.php on line 345
2016-05-10 8:43:42 - MMERCH PRODUCT FORM: <b>Notice</b>: Undefined index: product_tags in <b>/var/www/market-dev/vqmod/vqcache/vq2-catalog_controller_seller_account-product.php</b> on line <b>345</b>
2016-05-10 8:43:58 - PHP Notice:  Undefined index: product_tags in /var/www/market-dev/vqmod/vqcache/vq2-catalog_controller_seller_account-product.php on line 345
2016-05-10 8:47:58 - PHP Notice:  Undefined variable: pavo_link in /var/www/market-dev/vqmod/vqcache/vq2-admin_view_template_common_menu.tpl on line 84
2016-05-10 8:47:58 - PHP Notice:  Undefined variable: megamenu_link in /var/www/market-dev/vqmod/vqcache/vq2-admin_view_template_common_menu.tpl on line 85
2016-05-10 8:48:09 - PHP Notice:  Undefined variable: pavo_link in /var/www/market-dev/vqmod/vqcache/vq2-admin_view_template_common_menu.tpl on line 84
2016-05-10 8:48:09 - PHP Notice:  Undefined variable: megamenu_link in /var/www/market-dev/vqmod/vqcache/vq2-admin_view_template_common_menu.tpl on line 85
2016-05-10 8:48:17 - PHP Notice:  Undefined variable: pavo_link in /var/www/market-dev/vqmod/vqcache/vq2-admin_view_template_common_menu.tpl on line 84
2016-05-10 8:48:17 - PHP Notice:  Undefined variable: megamenu_link in /var/www/market-dev/vqmod/vqcache/vq2-admin_view_template_common_menu.tpl on line 85
2016-05-10 8:48:22 - PHP Notice:  Undefined variable: pavo_link in /var/www/market-dev/vqmod/vqcache/vq2-admin_view_template_common_menu.tpl on line 84
2016-05-10 8:48:22 - PHP Notice:  Undefined variable: megamenu_link in /var/www/market-dev/vqmod/vqcache/vq2-admin_view_template_common_menu.tpl on line 85
2016-05-10 8:48:31 - PHP Notice:  Undefined variable: pavo_link in /var/www/market-dev/vqmod/vqcache/vq2-admin_view_template_common_menu.tpl on line 84
2016-05-10 8:48:31 - PHP Notice:  Undefined variable: megamenu_link in /var/www/market-dev/vqmod/vqcache/vq2-admin_view_template_common_menu.tpl on line 85
2016-05-10 8:48:35 - PHP Notice:  Undefined variable: pavo_link in /var/www/market-dev/vqmod/vqcache/vq2-admin_view_template_common_menu.tpl on line 84
2016-05-10 8:48:35 - PHP Notice:  Undefined variable: megamenu_link in /var/www/market-dev/vqmod/vqcache/vq2-admin_view_template_common_menu.tpl on line 85
2016-05-10 8:48:46 - PHP Notice:  Undefined variable: pavo_link in /var/www/market-dev/vqmod/vqcache/vq2-admin_view_template_common_menu.tpl on line 84
2016-05-10 8:48:46 - PHP Notice:  Undefined variable: megamenu_link in /var/www/market-dev/vqmod/vqcache/vq2-admin_view_template_common_menu.tpl on line 85
2016-05-10 8:48:57 - PHP Notice:  Undefined variable: pavo_link in /var/www/market-dev/vqmod/vqcache/vq2-admin_view_template_common_menu.tpl on line 84
2016-05-10 8:48:57 - PHP Notice:  Undefined variable: megamenu_link in /var/www/market-dev/vqmod/vqcache/vq2-admin_view_template_common_menu.tpl on line 85
2016-05-10 8:50:51 - PHP Notice:  Undefined index: product_tags in /var/www/market-dev/vqmod/vqcache/vq2-catalog_controller_seller_account-product.php on line 345
2016-05-10 8:50:51 - MMERCH PRODUCT FORM: <b>Notice</b>: Undefined index: product_tags in <b>/var/www/market-dev/vqmod/vqcache/vq2-catalog_controller_seller_account-product.php</b> on line <b>345</b>
2016-05-10 8:54:45 - PHP Notice:  Undefined variable: pavo_link in /var/www/market-dev/vqmod/vqcache/vq2-admin_view_template_common_menu.tpl on line 84
2016-05-10 8:54:45 - PHP Notice:  Undefined variable: megamenu_link in /var/www/market-dev/vqmod/vqcache/vq2-admin_view_template_common_menu.tpl on line 85
2016-05-10 8:54:53 - PHP Notice:  Undefined variable: pavo_link in /var/www/market-dev/vqmod/vqcache/vq2-admin_view_template_common_menu.tpl on line 84
2016-05-10 8:54:53 - PHP Notice:  Undefined variable: megamenu_link in /var/www/market-dev/vqmod/vqcache/vq2-admin_view_template_common_menu.tpl on line 85
2016-05-10 8:55:02 - PHP Notice:  Undefined variable: pavo_link in /var/www/market-dev/vqmod/vqcache/vq2-admin_view_template_common_menu.tpl on line 84
2016-05-10 8:55:02 - PHP Notice:  Undefined variable: megamenu_link in /var/www/market-dev/vqmod/vqcache/vq2-admin_view_template_common_menu.tpl on line 85
2016-05-10 8:55:22 - PHP Notice:  Undefined index: product_tags in /var/www/market-dev/vqmod/vqcache/vq2-catalog_controller_seller_account-product.php on line 345
2016-05-10 8:55:40 - PHP Notice:  Undefined index: product_tags in /var/www/market-dev/vqmod/vqcache/vq2-catalog_controller_seller_account-product.php on line 345
2016-05-10 8:55:55 - PHP Notice:  Undefined variable: pavo_link in /var/www/market-dev/vqmod/vqcache/vq2-admin_view_template_common_menu.tpl on line 84
2016-05-10 8:55:55 - PHP Notice:  Undefined variable: megamenu_link in /var/www/market-dev/vqmod/vqcache/vq2-admin_view_template_common_menu.tpl on line 85
2016-05-10 8:56:16 - PHP Notice:  Undefined variable: pavo_link in /var/www/market-dev/vqmod/vqcache/vq2-admin_view_template_common_menu.tpl on line 84
2016-05-10 8:56:16 - PHP Notice:  Undefined variable: megamenu_link in /var/www/market-dev/vqmod/vqcache/vq2-admin_view_template_common_menu.tpl on line 85
2016-05-10 8:59:42 - PHP Notice:  Undefined index: product_tags in /var/www/market-dev/vqmod/vqcache/vq2-catalog_controller_seller_account-product.php on line 345
2016-05-10 8:59:42 - MMERCH PRODUCT FORM: <b>Notice</b>: Undefined index: product_tags in <b>/var/www/market-dev/vqmod/vqcache/vq2-catalog_controller_seller_account-product.php</b> on line <b>345</b>
2016-05-10 8:59:59 - PHP Notice:  Undefined index: product_tags in /var/www/market-dev/vqmod/vqcache/vq2-catalog_controller_seller_account-product.php on line 345
2016-05-10 8:59:59 - PHP Notice:  Undefined index: product_tags in /var/www/market-dev/vqmod/vqcache/vq2-system_library_msproduct.php on line 516
2016-05-10 8:59:59 - MMERCH PRODUCT FORM: <b>Notice</b>: Undefined index: product_tags in <b>/var/www/market-dev/vqmod/vqcache/vq2-catalog_controller_seller_account-product.php</b> on line <b>345</b><b>Notice</b>: Undefined index: product_tags in <b>/var/www/market-dev/vqmod/vqcache/vq2-system_library_msproduct.php</b> on line <b>516</b>
2016-05-10 9:00:16 - PHP Notice:  Undefined index: product_tags in /var/www/market-dev/vqmod/vqcache/vq2-catalog_controller_seller_account-product.php on line 345
2016-05-10 9:00:16 - PHP Notice:  Undefined index: product_tags in /var/www/market-dev/vqmod/vqcache/vq2-system_library_msproduct.php on line 516
2016-05-10 9:00:16 - MMERCH PRODUCT FORM: <b>Notice</b>: Undefined index: product_tags in <b>/var/www/market-dev/vqmod/vqcache/vq2-catalog_controller_seller_account-product.php</b> on line <b>345</b><b>Notice</b>: Undefined index: product_tags in <b>/var/www/market-dev/vqmod/vqcache/vq2-system_library_msproduct.php</b> on line <b>516</b>
2016-05-10 9:02:52 - PHP Notice:  Undefined variable: pavo_link in /var/www/market-dev/vqmod/vqcache/vq2-admin_view_template_common_menu.tpl on line 84
2016-05-10 9:02:52 - PHP Notice:  Undefined variable: megamenu_link in /var/www/market-dev/vqmod/vqcache/vq2-admin_view_template_common_menu.tpl on line 85
2016-05-10 9:02:55 - PHP Notice:  Undefined variable: pavo_link in /var/www/market-dev/vqmod/vqcache/vq2-admin_view_template_common_menu.tpl on line 84
2016-05-10 9:02:55 - PHP Notice:  Undefined variable: megamenu_link in /var/www/market-dev/vqmod/vqcache/vq2-admin_view_template_common_menu.tpl on line 85
2016-05-10 9:03:08 - PHP Notice:  Undefined variable: pavo_link in /var/www/market-dev/vqmod/vqcache/vq2-admin_view_template_common_menu.tpl on line 84
2016-05-10 9:03:08 - PHP Notice:  Undefined variable: megamenu_link in /var/www/market-dev/vqmod/vqcache/vq2-admin_view_template_common_menu.tpl on line 85
2016-05-10 10:05:04 - PHP Notice:  Undefined index: product_tags in /var/www/market-dev/vqmod/vqcache/vq2-catalog_controller_seller_account-product.php on line 345
2016-05-10 10:05:04 - MMERCH PRODUCT FORM: <b>Notice</b>: Undefined index: product_tags in <b>/var/www/market-dev/vqmod/vqcache/vq2-catalog_controller_seller_account-product.php</b> on line <b>345</b>
2016-05-10 10:05:04 - PHP Notice:  Undefined index: success in /var/www/market-dev/vqmod/vqcache/vq2-catalog_controller_seller_account-product.php on line 961
2016-05-10 10:09:49 - PHP Notice:  Undefined index: product_tags in /var/www/market-dev/vqmod/vqcache/vq2-catalog_controller_seller_account-product.php on line 345
2016-05-10 10:09:49 - MMERCH PRODUCT FORM: <b>Notice</b>: Undefined index: product_tags in <b>/var/www/market-dev/vqmod/vqcache/vq2-catalog_controller_seller_account-product.php</b> on line <b>345</b>
2016-05-10 10:11:19 - PHP Notice:  Undefined index: product_tags in /var/www/market-dev/vqmod/vqcache/vq2-catalog_controller_seller_account-product.php on line 345
2016-05-10 10:11:19 - MMERCH PRODUCT FORM: <b>Notice</b>: Undefined index: product_tags in <b>/var/www/market-dev/vqmod/vqcache/vq2-catalog_controller_seller_account-product.php</b> on line <b>345</b>
2016-05-11 10:04:05 - PHP Notice:  Undefined index: product_tags in /var/www/market-dev/vqmod/vqcache/vq2-catalog_controller_seller_account-product.php on line 345
2016-05-11 10:04:05 - MMERCH PRODUCT FORM: <b>Notice</b>: Undefined index: product_tags in <b>/var/www/market-dev/vqmod/vqcache/vq2-catalog_controller_seller_account-product.php</b> on line <b>345</b>
2016-05-11 10:04:05 - PHP Notice:  Undefined index: success in /var/www/market-dev/vqmod/vqcache/vq2-catalog_controller_seller_account-product.php on line 961
2016-05-11 10:04:20 - PHP Notice:  Undefined index: product_tags in /var/www/market-dev/vqmod/vqcache/vq2-catalog_controller_seller_account-product.php on line 345
2016-05-11 10:04:20 - MMERCH PRODUCT FORM: <b>Notice</b>: Undefined index: product_tags in <b>/var/www/market-dev/vqmod/vqcache/vq2-catalog_controller_seller_account-product.php</b> on line <b>345</b>
2016-05-11 10:06:21 - PHP Notice:  Undefined index: title in /var/www/market-dev/vqmod/vqcache/vq2-catalog_view_theme_pav_foodgood_template_checkout_payment_method.tpl on line 16
2016-05-11 10:07:16 - PHP Warning:  mysqli::real_escape_string() expects parameter 1 to be string, array given in /var/www/market-dev/system/library/db/mysqli.php on line 45
